<?xml version="1.0" encoding="UTF-8" ?>
<testsuite failures="0" time="7.837" errors="0" skipped="0" tests="274" name="siena.base.test.GaeTest">
  <properties>
[...]
</properties>
  <testcase time="0.526" classname="siena.base.test.GaeTest" name="testJoinSortFields"/>
  <testcase time="0.05" classname="siena.base.test.GaeTest" name="testFilterWithOperatorINStateful"/>
  <testcase time="0.156" classname="siena.base.test.GaeTest" name="testFilterWithOperatorINLotsOfEntitiesStateful"/>
  <testcase time="0.189" classname="siena.base.test.GaeTest" name="testFilterWithOperatorINLotsOfEntitiesPaginateStateless"/>
  <testcase time="0.146" classname="siena.base.test.GaeTest" name="testFilterWithOperatorINLotsOfEntitiesPaginateStateful"/>
  <testcase time="0.019" classname="siena.base.test.GaeTest" name="testFilterWithOperatorNotEqualStateful"/>
  <testcase time="0.073" classname="siena.base.test.GaeTest" name="testFilterWithOperatorNotEqualLotsOfEntitiesStateful"/>
  <testcase time="0.069" classname="siena.base.test.GaeTest" name="testFilterWithOperatorNotEqualLotsOfEntitiesStateless"/>
  <testcase time="0.029" classname="siena.base.test.GaeTest" name="testSearchSingleFieldEqualsSingleResult"/>
  <testcase time="0.014" classname="siena.base.test.GaeTest" name="testSearchSingleFieldEqualsSeveralResults"/>
  <testcase time="0.017" classname="siena.base.test.GaeTest" name="testSearchSingleFieldBeginSingleResults"/>
  <testcase time="0.011" classname="siena.base.test.GaeTest" name="testSearchSingleFieldBeginSeveralResults"/>
  <testcase time="0.012" classname="siena.base.test.GaeTest" name="testSearchSingleFieldBeginSeveralResultsKeysOnly"/>
  <testcase time="0.015" classname="siena.base.test.GaeTest" name="testSearchSingleFieldBeginSeveralResultsCount"/>
  <testcase time="0.011" classname="siena.base.test.GaeTest" name="testSearchSingleFieldEndException"/>
  <testcase time="0.027" classname="siena.base.test.GaeTest" name="testTransactionUpdate"/>
  <testcase time="0.013" classname="siena.base.test.GaeTest" name="testTransactionUpdateFailure"/>
  <testcase time="0.01" classname="siena.base.test.GaeTest" name="testTransactionInsert"/>
  <testcase time="0.013" classname="siena.base.test.GaeTest" name="testTransactionInsertFailure"/>
  <testcase time="0.008" classname="siena.base.test.GaeTest" name="testTransactionSave"/>
  <testcase time="0.009" classname="siena.base.test.GaeTest" name="testTransactionSaveFailure"/>
  <testcase time="0.018" classname="siena.base.test.GaeTest" name="testTransactionDelete"/>
  <testcase time="0.01" classname="siena.base.test.GaeTest" name="testTransactionDeleteFailure"/>
  <testcase time="0.009" classname="siena.base.test.GaeTest" name="testTransactionInsertBatch"/>
  <testcase time="0.01" classname="siena.base.test.GaeTest" name="testTransactionInsertBatchFailure"/>
  <testcase time="0.01" classname="siena.base.test.GaeTest" name="testTransactionDeleteBatch"/>
  <testcase time="0.013" classname="siena.base.test.GaeTest" name="testTransactionDeleteBatchFailure"/>
  <testcase time="0.011" classname="siena.base.test.GaeTest" name="testTransactionUpdateBatch"/>
  <testcase time="0.013" classname="siena.base.test.GaeTest" name="testTransactionUpdateBatchFailure"/>
  <testcase time="0.013" classname="siena.base.test.GaeTest" name="testTransactionSaveBatch"/>
  <testcase time="0.015" classname="siena.base.test.GaeTest" name="testTransactionSaveBatchFailure"/>
  <testcase time="0.011" classname="siena.base.test.GaeTest" name="testCount"/>
  <testcase time="0.009" classname="siena.base.test.GaeTest" name="testFetch"/>
  <testcase time="0.008" classname="siena.base.test.GaeTest" name="testFetchKeys"/>
  <testcase time="0.009" classname="siena.base.test.GaeTest" name="testFetchOrder"/>
  <testcase time="0.009" classname="siena.base.test.GaeTest" name="testFetchOrderKeys"/>
  <testcase time="0.009" classname="siena.base.test.GaeTest" name="testFetchOrderDesc"/>
  <testcase time="0.012" classname="siena.base.test.GaeTest" name="testFetchOrderDescKeys"/>
  <testcase time="0.01" classname="siena.base.test.GaeTest" name="testFetchOrderOnLongAutoId"/>
  <testcase time="0.011" classname="siena.base.test.GaeTest" name="testFetchOrderOnLongManualId"/>
  <testcase time="0.009" classname="siena.base.test.GaeTest" name="testFetchOrderOnStringId"/>
  <testcase time="0.008" classname="siena.base.test.GaeTest" name="testFetchOrderOnUUID"/>
  <testcase time="0.009" classname="siena.base.test.GaeTest" name="testFetchOrderOnLongAutoIdDesc"/>
  <testcase time="0.011" classname="siena.base.test.GaeTest" name="testFetchOrderOnLongManualIdDesc"/>
  <testcase time="0.009" classname="siena.base.test.GaeTest" name="testFetchOrderOnStringIdDesc"/>
  <testcase time="0.017" classname="siena.base.test.GaeTest" name="testFetchOrderOnUUIDDesc"/>
  <testcase time="0.007" classname="siena.base.test.GaeTest" name="testFilterOperatorEqualString"/>
  <testcase time="0.011" classname="siena.base.test.GaeTest" name="testFilterOperatorEqualInt"/>
  <testcase time="0.013" classname="siena.base.test.GaeTest" name="testFilterOperatorEqualUUID"/>
  <testcase time="0.011" classname="siena.base.test.GaeTest" name="testFilterOperatorEqualLongAutoID"/>
  <testcase time="0.014" classname="siena.base.test.GaeTest" name="testFilterOperatorEqualLongManualID"/>
  <testcase time="0.012" classname="siena.base.test.GaeTest" name="testFilterOperatorEqualStringID"/>
  <testcase time="0.01" classname="siena.base.test.GaeTest" name="testFilterOperatorNotEqualString"/>
  <testcase time="0.011" classname="siena.base.test.GaeTest" name="testFilterOperatorNotEqualInt"/>
  <testcase time="0.012" classname="siena.base.test.GaeTest" name="testFilterOperatorNotEqualUUID"/>
  <testcase time="0.015" classname="siena.base.test.GaeTest" name="testFilterOperatorNotEqualLongAutoID"/>
  <testcase time="0.011" classname="siena.base.test.GaeTest" name="testFilterOperatorNotEqualLongManualID"/>
  <testcase time="0.011" classname="siena.base.test.GaeTest" name="testFilterOperatorNotEqualStringID"/>
  <testcase time="0.015" classname="siena.base.test.GaeTest" name="testFilterOperatorIn"/>
  <testcase time="0.017" classname="siena.base.test.GaeTest" name="testFilterOperatorInOrder"/>
  <testcase time="0.013" classname="siena.base.test.GaeTest" name="testFilterOperatorInForUUID"/>
  <testcase time="0.008" classname="siena.base.test.GaeTest" name="testFilterOperatorInForLongAutoID"/>
  <testcase time="0.014" classname="siena.base.test.GaeTest" name="testFilterOperatorInForLongManualID"/>
  <testcase time="0.011" classname="siena.base.test.GaeTest" name="testFilterOperatorInForStringID"/>
  <testcase time="0.01" classname="siena.base.test.GaeTest" name="testFilterOperatorLessThan"/>
  <testcase time="0.01" classname="siena.base.test.GaeTest" name="testFilterOperatorLessThanForUUID"/>
  <testcase time="0.009" classname="siena.base.test.GaeTest" name="testFilterOperatorLessThanForLongAutoID"/>
  <testcase time="0.011" classname="siena.base.test.GaeTest" name="testFilterOperatorLessThanForLongManualID"/>
  <testcase time="0.01" classname="siena.base.test.GaeTest" name="testFilterOperatorLessThanForStringID"/>
  <testcase time="0.01" classname="siena.base.test.GaeTest" name="testFilterOperatorLessThanOrEqual"/>
  <testcase time="0.011" classname="siena.base.test.GaeTest" name="testFilterOperatorLessThanOrEqualForUUID"/>
  <testcase time="0.014" classname="siena.base.test.GaeTest" name="testFilterOperatorLessThanOrEqualForLongAutoID"/>
  <testcase time="0.012" classname="siena.base.test.GaeTest" name="testFilterOperatorLessThanOrEqualForLongManualID"/>
  <testcase time="0.011" classname="siena.base.test.GaeTest" name="testFilterOperatorLessThanOrEqualForStringID"/>
  <testcase time="0.011" classname="siena.base.test.GaeTest" name="testFilterOperatorMoreThan"/>
  <testcase time="0.014" classname="siena.base.test.GaeTest" name="testFilterOperatorMoreThanForUUID"/>
  <testcase time="0.009" classname="siena.base.test.GaeTest" name="testFilterOperatorMoreThanForLongAutoID"/>
  <testcase time="0.01" classname="siena.base.test.GaeTest" name="testFilterOperatorMoreThanForLongManualID"/>
  <testcase time="0.013" classname="siena.base.test.GaeTest" name="testFilterOperatorMoreThanForStringID"/>
  <testcase time="0.012" classname="siena.base.test.GaeTest" name="testFilterOperatorMoreThanOrEqual"/>
  <testcase time="0.008" classname="siena.base.test.GaeTest" name="testFilterOperatorMoreThanOrEqualForUUID"/>
  <testcase time="0.008" classname="siena.base.test.GaeTest" name="testFilterOperatorMoreThanOrEqualForLongAutoID"/>
  <testcase time="0.008" classname="siena.base.test.GaeTest" name="testFilterOperatorMoreThanOrEqualForLongManualID"/>
  <testcase time="0.01" classname="siena.base.test.GaeTest" name="testFilterOperatorMoreThanOrEqualForStringID"/>
  <testcase time="0.01" classname="siena.base.test.GaeTest" name="testCountFilter"/>
  <testcase time="0.008" classname="siena.base.test.GaeTest" name="testCountFilterUUID"/>
  <testcase time="0.012" classname="siena.base.test.GaeTest" name="testCountFilterLongAutoID"/>
  <testcase time="0.006" classname="siena.base.test.GaeTest" name="testCountFilterLongManualID"/>
  <testcase time="0.01" classname="siena.base.test.GaeTest" name="testCountFilterStringID"/>
  <testcase time="0.011" classname="siena.base.test.GaeTest" name="testFetchLimit"/>
  <testcase time="0.013" classname="siena.base.test.GaeTest" name="testFetchLimitUUID"/>
  <testcase time="0.008" classname="siena.base.test.GaeTest" name="testFetchLimitLongAutoID"/>
  <testcase time="0.008" classname="siena.base.test.GaeTest" name="testFetchLimitLongManualID"/>
  <testcase time="0.008" classname="siena.base.test.GaeTest" name="testFetchLimitStringID"/>
  <testcase time="0.013" classname="siena.base.test.GaeTest" name="testCountLimit"/>
  <testcase time="0.014" classname="siena.base.test.GaeTest" name="testFetchLimitReal"/>
  <testcase time="0.011" classname="siena.base.test.GaeTest" name="testFetchLimitOffsetReal"/>
  <testcase time="0.023" classname="siena.base.test.GaeTest" name="testSearchSingle"/>
  <testcase time="0.024" classname="siena.base.test.GaeTest" name="testSearchSingleKeysOnly"/>
  <testcase time="0.026" classname="siena.base.test.GaeTest" name="testSearchSingleTwice"/>
  <testcase time="0.026" classname="siena.base.test.GaeTest" name="testSearchSingleCount"/>
  <testcase time="0.016" classname="siena.base.test.GaeTest" name="testFetchLimitOffset"/>
  <testcase time="0.008" classname="siena.base.test.GaeTest" name="testCountLimitOffset"/>
  <testcase time="0.009" classname="siena.base.test.GaeTest" name="testInsertUUID"/>
  <testcase time="0.008" classname="siena.base.test.GaeTest" name="testInsertLongAutoID"/>
  <testcase time="0.007" classname="siena.base.test.GaeTest" name="testInsertLongManualID"/>
  <testcase time="0.009" classname="siena.base.test.GaeTest" name="testInsertStringID"/>
  <testcase time="0.008" classname="siena.base.test.GaeTest" name="testGetUUID"/>
  <testcase time="0.007" classname="siena.base.test.GaeTest" name="testGetNonExisting"/>
  <testcase time="0.009" classname="siena.base.test.GaeTest" name="testGetLongAutoID"/>
  <testcase time="0.009" classname="siena.base.test.GaeTest" name="testGetLongManualID"/>
  <testcase time="0.007" classname="siena.base.test.GaeTest" name="testGetStringID"/>
  <testcase time="0.006" classname="siena.base.test.GaeTest" name="testUpdateUUID"/>
  <testcase time="0.008" classname="siena.base.test.GaeTest" name="testUpdateLongAutoID"/>
  <testcase time="0.013" classname="siena.base.test.GaeTest" name="testDeleteUUID"/>
  <testcase time="0.024" classname="siena.base.test.GaeTest" name="testIterFullUUID"/>
  <testcase time="0.018" classname="siena.base.test.GaeTest" name="testIterFullLongAutoID"/>
  <testcase time="0.012" classname="siena.base.test.GaeTest" name="testIterFullLongManualID"/>
  <testcase time="0.008" classname="siena.base.test.GaeTest" name="testIterFullLongStringID"/>
  <testcase time="0.009" classname="siena.base.test.GaeTest" name="testIterLimitUUID"/>
  <testcase time="0.008" classname="siena.base.test.GaeTest" name="testIterLimitLongAutoID"/>
  <testcase time="0.007" classname="siena.base.test.GaeTest" name="testIterLimitLongManualID"/>
  <testcase time="0.01" classname="siena.base.test.GaeTest" name="testIterLimitLongStringID"/>
  <testcase time="0.011" classname="siena.base.test.GaeTest" name="testIterLimitOffsetUUID"/>
  <testcase time="0.011" classname="siena.base.test.GaeTest" name="testIterLimitOffsetLongAutoID"/>
  <testcase time="0.008" classname="siena.base.test.GaeTest" name="testIterLimitOffsetLongManualID"/>
  <testcase time="0.007" classname="siena.base.test.GaeTest" name="testIterLimitOffsetLongStringID"/>
  <testcase time="0.008" classname="siena.base.test.GaeTest" name="testIterFilter"/>
  <testcase time="0.011" classname="siena.base.test.GaeTest" name="testIterFilterLimit"/>
  <testcase time="0.007" classname="siena.base.test.GaeTest" name="testIterFilterLimitOffset"/>
  <testcase time="0.006" classname="siena.base.test.GaeTest" name="testOrderLongAutoId"/>
  <testcase time="0.006" classname="siena.base.test.GaeTest" name="testOrderLongManualId"/>
  <testcase time="0.005" classname="siena.base.test.GaeTest" name="testOrderStringId"/>
  <testcase time="0.006" classname="siena.base.test.GaeTest" name="testGetObjectNotFound"/>
  <testcase time="0.007" classname="siena.base.test.GaeTest" name="testDeleteObjectNotFound"/>
  <testcase time="0.008" classname="siena.base.test.GaeTest" name="testAutoincrement"/>
  <testcase time="0.013" classname="siena.base.test.GaeTest" name="testRelationship"/>
  <testcase time="0.009" classname="siena.base.test.GaeTest" name="testMultipleKeys"/>
  <testcase time="0.028" classname="siena.base.test.GaeTest" name="testDataTypesNull"/>
  <testcase time="0.049" classname="siena.base.test.GaeTest" name="testDataTypesNotNull"/>
  <testcase time="0.017" classname="siena.base.test.GaeTest" name="testQueryDelete"/>
  <testcase time="0.009" classname="siena.base.test.GaeTest" name="testQueryDeleteFiltered"/>
  <testcase time="0.008" classname="siena.base.test.GaeTest" name="testJoin"/>
  <testcase time="0.009" classname="siena.base.test.GaeTest" name="testJoinAnnotation"/>
  <testcase time="0.008" classname="siena.base.test.GaeTest" name="testFetchPrivateFields"/>
  <testcase time="0.008" classname="siena.base.test.GaeTest" name="testFetchPaginateStatelessNextPage"/>
  <testcase time="0.012" classname="siena.base.test.GaeTest" name="testFetchPaginateStatelessNextPageToEnd"/>
  <testcase time="0.011" classname="siena.base.test.GaeTest" name="testFetchPaginateStatelessPreviousPageFromScratch"/>
  <testcase time="0.016" classname="siena.base.test.GaeTest" name="testFetchPaginateStatelessPreviousPage"/>
  <testcase time="0.016" classname="siena.base.test.GaeTest" name="testFetchPaginateStatelessSeveralTimes"/>
  <testcase time="0.036" classname="siena.base.test.GaeTest" name="testFetchPaginateStatefulNextPage"/>
  <testcase time="0.025" classname="siena.base.test.GaeTest" name="testFetchPaginateStatefulNextPageToEnd"/>
  <testcase time="0.011" classname="siena.base.test.GaeTest" name="testFetchPaginateStatefulPreviousPageFromScratch"/>
  <testcase time="0.011" classname="siena.base.test.GaeTest" name="testFetchPaginateStatefulPreviousPage"/>
  <testcase time="0.016" classname="siena.base.test.GaeTest" name="testFetchPaginateStatefulPreviouPageSeveralTimes"/>
  <testcase time="0.01" classname="siena.base.test.GaeTest" name="testFetchKeysPaginateStatelessNextPage"/>
  <testcase time="0.008" classname="siena.base.test.GaeTest" name="testFetchKeysPaginateStatelessPreviousPageFromScratch"/>
  <testcase time="0.009" classname="siena.base.test.GaeTest" name="testFetchKeysPaginateStatelessPreviousPage"/>
  <testcase time="0.012" classname="siena.base.test.GaeTest" name="testFetchKeysPaginateStatelessPreviouPageSeveralTimes"/>
  <testcase time="0.01" classname="siena.base.test.GaeTest" name="testFetchKeysPaginateStatefulNextPage"/>
  <testcase time="0.009" classname="siena.base.test.GaeTest" name="testFetchKeysPaginateStatefulPreviousPageFromScratch"/>
  <testcase time="0.014" classname="siena.base.test.GaeTest" name="testFetchKeysPaginateStatefulPreviousPage"/>
  <testcase time="0.013" classname="siena.base.test.GaeTest" name="testFetchKeysPaginateStatefulSeveralTimes"/>
  <testcase time="0.011" classname="siena.base.test.GaeTest" name="testIterPaginateStatelessNextPage"/>
  <testcase time="0.01" classname="siena.base.test.GaeTest" name="testIterPaginateStatelessPreviousPageFromScratch"/>
  <testcase time="0.011" classname="siena.base.test.GaeTest" name="testIterPaginateStatelessPreviousPage"/>
  <testcase time="0.012" classname="siena.base.test.GaeTest" name="testIterPaginateStatelessPreviouPageSeveralTimes"/>
  <testcase time="0.01" classname="siena.base.test.GaeTest" name="testIterPaginateStatefulNextPage"/>
  <testcase time="0.008" classname="siena.base.test.GaeTest" name="testIterPaginateStatefulPreviousPageFromScratch"/>
  <testcase time="0.009" classname="siena.base.test.GaeTest" name="testIterPaginateStatefulPreviousPage"/>
  <testcase time="0.011" classname="siena.base.test.GaeTest" name="testIterPaginateStatefulPreviouPageSeveralTimes"/>
  <testcase time="0.033" classname="siena.base.test.GaeTest" name="testIterLotsOfEntitiesStateless"/>
  <testcase time="0.354" classname="siena.base.test.GaeTest" name="testIterLotsOfEntitiesStateful"/>
  <testcase time="0.22" classname="siena.base.test.GaeTest" name="testIterLotsOfEntitiesStatefulMixed"/>
  <testcase time="0.031" classname="siena.base.test.GaeTest" name="testIterLotsOfEntitiesStatefulMixed2"/>
  <testcase time="0.123" classname="siena.base.test.GaeTest" name="testIterLotsOfEntitiesStatefulMixed3"/>
  <testcase time="0.055" classname="siena.base.test.GaeTest" name="testFetchLotsOfEntitiesStatefulMixed"/>
  <testcase time="0.054" classname="siena.base.test.GaeTest" name="testFetchLotsOfEntitiesStatefulMixed2"/>
  <testcase time="0.147" classname="siena.base.test.GaeTest" name="testFetchIterLotsOfEntitiesStatefulMixed"/>
  <testcase time="0.271" classname="siena.base.test.GaeTest" name="testFetchIterLotsOfEntitiesStatefulMixed2"/>
  <testcase time="0.19" classname="siena.base.test.GaeTest" name="testFetchIterLotsOfEntitiesStatefulMixed3"/>
  <testcase time="0.026" classname="siena.base.test.GaeTest" name="testBatchInsert"/>
  <testcase time="0.015" classname="siena.base.test.GaeTest" name="testBatchInsertList"/>
  <testcase time="0.015" classname="siena.base.test.GaeTest" name="testBatchDelete"/>
  <testcase time="0.018" classname="siena.base.test.GaeTest" name="testBatchDeleteList"/>
  <testcase time="0.007" classname="siena.base.test.GaeTest" name="testBatchDeleteByKeys"/>
  <testcase time="0.023" classname="siena.base.test.GaeTest" name="testBatchDeleteByKeysList"/>
  <testcase time="0.016" classname="siena.base.test.GaeTest" name="testBatchGet"/>
  <testcase time="0.013" classname="siena.base.test.GaeTest" name="testBatchGetList"/>
  <testcase time="0.013" classname="siena.base.test.GaeTest" name="testBatchGetByKeys"/>
  <testcase time="0.018" classname="siena.base.test.GaeTest" name="testBatchGetByKeysList"/>
  <testcase time="0.007" classname="siena.base.test.GaeTest" name="testBatchGetByKeysNonExisting"/>
  <testcase time="0.021" classname="siena.base.test.GaeTest" name="testLimitStateless"/>
  <testcase time="0.032" classname="siena.base.test.GaeTest" name="testLimitStateful"/>
  <testcase time="0.018" classname="siena.base.test.GaeTest" name="testOffsetStateless"/>
  <testcase time="0.021" classname="siena.base.test.GaeTest" name="testOffsetStateful"/>
  <testcase time="0.014" classname="siena.base.test.GaeTest" name="testOffsetLimitStateless"/>
  <testcase time="0.015" classname="siena.base.test.GaeTest" name="testOffsetLimitStateful"/>
  <testcase time="0.036" classname="siena.base.test.GaeTest" name="testOffsetLimitStatelessPaginate"/>
  <testcase time="0.052" classname="siena.base.test.GaeTest" name="testOffsetLimitStatefulPaginate"/>
  <testcase time="0.06" classname="siena.base.test.GaeTest" name="testOffsetLimitStatelessPaginate2"/>
  <testcase time="0.067" classname="siena.base.test.GaeTest" name="testOffsetLimitStatefulPaginate2"/>
  <testcase time="0.01" classname="siena.base.test.GaeTest" name="testFetchPaginateStatelessTwice"/>
  <testcase time="0.009" classname="siena.base.test.GaeTest" name="testFetchPaginateStatefulTwice"/>
  <testcase time="0.03" classname="siena.base.test.GaeTest" name="testLimitStatelessKeys"/>
  <testcase time="0.025" classname="siena.base.test.GaeTest" name="testLimitStatefulKeys"/>
  <testcase time="0.016" classname="siena.base.test.GaeTest" name="testOffsetStatelessKeys"/>
  <testcase time="0.025" classname="siena.base.test.GaeTest" name="testOffsetStatefulKeys"/>
  <testcase time="0.022" classname="siena.base.test.GaeTest" name="testOffsetLimitStatelessKeys"/>
  <testcase time="0.018" classname="siena.base.test.GaeTest" name="testOffsetLimitStatefulKeys"/>
  <testcase time="0.039" classname="siena.base.test.GaeTest" name="testOffsetLimitStatelessPaginateKeys"/>
  <testcase time="0.047" classname="siena.base.test.GaeTest" name="testOffsetLimitStatefulPaginateKeys"/>
  <testcase time="0.041" classname="siena.base.test.GaeTest" name="testOffsetLimitStatelessPaginate2Keys"/>
  <testcase time="0.048" classname="siena.base.test.GaeTest" name="testOffsetLimitStatefulPaginate2Keys"/>
  <testcase time="0.01" classname="siena.base.test.GaeTest" name="testFetchPaginateStatelessTwiceKeys"/>
  <testcase time="0.007" classname="siena.base.test.GaeTest" name="testFetchPaginateStatefulTwiceKeys"/>
  <testcase time="0.017" classname="siena.base.test.GaeTest" name="testLimitStatelessIter"/>
  <testcase time="0.17" classname="siena.base.test.GaeTest" name="testLimitStatefulIter"/>
  <testcase time="0.015" classname="siena.base.test.GaeTest" name="testOffsetStatelessIter"/>
  <testcase time="0.152" classname="siena.base.test.GaeTest" name="testOffsetStatefulIter"/>
  <testcase time="0.009" classname="siena.base.test.GaeTest" name="testOffsetLimitStatelessIter"/>
  <testcase time="0.085" classname="siena.base.test.GaeTest" name="testOffsetLimitStatefulIter"/>
  <testcase time="0.017" classname="siena.base.test.GaeTest" name="testOffsetLimitStatelessPaginateIter"/>
  <testcase time="0.469" classname="siena.base.test.GaeTest" name="testOffsetLimitStatefulPaginateIter"/>
  <testcase time="0.048" classname="siena.base.test.GaeTest" name="testOffsetLimitStatelessPaginate2Iter"/>
  <testcase time="0.31" classname="siena.base.test.GaeTest" name="testOffsetLimitStatefulPaginate2Iter"/>
  <testcase time="0.008" classname="siena.base.test.GaeTest" name="testFetchPaginateStatelessTwiceIter"/>
  <testcase time="0.005" classname="siena.base.test.GaeTest" name="testFetchPaginateStatefulTwiceIter"/>
  <testcase time="0.004" classname="siena.base.test.GaeTest" name="testFetchStringAutoInc"/>
  <testcase time="0.116" classname="siena.base.test.GaeTest" name="testIterPerPageStateless"/>
  <testcase time="0.073" classname="siena.base.test.GaeTest" name="testIterPerPageStateless2"/>
  <testcase time="0.083" classname="siena.base.test.GaeTest" name="testIterPerPageStateless3"/>
  <testcase time="0.091" classname="siena.base.test.GaeTest" name="testIterPerPageStateful"/>
  <testcase time="0.091" classname="siena.base.test.GaeTest" name="testIterPerPageStateful2"/>
  <testcase time="0.024" classname="siena.base.test.GaeTest" name="testDumpQueryOption"/>
  <testcase time="0.007" classname="siena.base.test.GaeTest" name="testRestoreQueryOption"/>
  <testcase time="0.011" classname="siena.base.test.GaeTest" name="testDumpRestoreQueryFilterSimple"/>
  <testcase time="0.011" classname="siena.base.test.GaeTest" name="testDumpRestoreQueryFilterSearch"/>
  <testcase time="0.005" classname="siena.base.test.GaeTest" name="testDumpRestoreQueryOrder"/>
  <testcase time="0.006" classname="siena.base.test.GaeTest" name="testDumpRestoreQueryJoin"/>
  <testcase time="0.011" classname="siena.base.test.GaeTest" name="testDumpRestoreQueryData"/>
  <testcase time="0.08" classname="siena.base.test.GaeTest" name="testIterPerPageStatefull3"/>
  <testcase time="0.005" classname="siena.base.test.GaeTest" name="testInsertObjectWithNullJoinObject"/>
  <testcase time="0.004" classname="siena.base.test.GaeTest" name="testInsertObjectWithDoubleNullJoinObject"/>
  <testcase time="0.007" classname="siena.base.test.GaeTest" name="testJoinAnnotationDouble"/>
  <testcase time="0.032" classname="siena.base.test.GaeTest" name="testBatchUpdate"/>
  <testcase time="0.016" classname="siena.base.test.GaeTest" name="testBatchUpdateList"/>
  <testcase time="0.006" classname="siena.base.test.GaeTest" name="testGetByKeyNonExisting"/>
  <testcase time="0.012" classname="siena.base.test.GaeTest" name="testGetByKeyUUID"/>
  <testcase time="0.005" classname="siena.base.test.GaeTest" name="testGetByKeyLongAutoID"/>
  <testcase time="0.006" classname="siena.base.test.GaeTest" name="testGetByKeyLongManualID"/>
  <testcase time="0.005" classname="siena.base.test.GaeTest" name="testGetByKeyStringID"/>
  <testcase time="0.013" classname="siena.base.test.GaeTest" name="testSaveLongAutoID"/>
  <testcase time="0.009" classname="siena.base.test.GaeTest" name="testSaveUUID"/>
  <testcase time="0.006" classname="siena.base.test.GaeTest" name="testSaveLongManualID"/>
  <testcase time="0.007" classname="siena.base.test.GaeTest" name="testSaveStringID"/>
  <testcase time="0.019" classname="siena.base.test.GaeTest" name="testBatchSave"/>
  <testcase time="0.015" classname="siena.base.test.GaeTest" name="testBatchSaveList"/>
  <testcase time="0.01" classname="siena.base.test.GaeTest" name="testPolymorphic"/>
  <testcase time="0.005" classname="siena.base.test.GaeTest" name="testPolymorphic2"/>
  <testcase time="0.006" classname="siena.base.test.GaeTest" name="testEmbeddedModel"/>
  <testcase time="0.006" classname="siena.base.test.GaeTest" name="testNoColumn"/>
  <testcase time="0.004" classname="siena.base.test.GaeTest" name="testNoColumnMultipleKeys"/>
  <testcase time="0.022" classname="siena.base.test.GaeTest" name="testLifeCycleGet"/>
  <testcase time="0.005" classname="siena.base.test.GaeTest" name="testLifeCycleGetMultiAndLifeCycleInjection"/>
  <testcase time="0.008" classname="siena.base.test.GaeTest" name="testLifeCycleInsert"/>
  <testcase time="0.01" classname="siena.base.test.GaeTest" name="testLifeCycleDelete"/>
  <testcase time="0.005" classname="siena.base.test.GaeTest" name="testLifeCycleUpdate"/>
  <testcase time="0.008" classname="siena.base.test.GaeTest" name="testLifeCycleSave"/>
  <testcase time="0.005" classname="siena.base.test.GaeTest" name="testSerializeEmbeddedModel"/>
  <testcase time="0.008" classname="siena.base.test.GaeTest" name="testBigDecimal"/>
  <testcase time="0.009" classname="siena.base.test.GaeTest" name="testBigDecimalNoPrecision"/>
  <testcase time="0.005" classname="siena.base.test.GaeTest" name="testBigDecimalString"/>
  <testcase time="0.051" classname="siena.base.test.GaeTest" name="testBigDecimalDouble"/>
</testsuite>