<?xml version="1.0" encoding="UTF-8" ?>
<testsuite failures="0" time="4.664" errors="0" skipped="0" tests="244" name="siena.base.test.GaeAsyncTest">
  <properties>
[...]
</properties>
  <testcase time="0.037" classname="siena.base.test.GaeAsyncTest" name="testJoinSortFields"/>
  <testcase time="0.007" classname="siena.base.test.GaeAsyncTest" name="testFilterWithOperatorINStateful"/>
  <testcase time="0.023" classname="siena.base.test.GaeAsyncTest" name="testFilterWithOperatorINLotsOfEntitiesStateful"/>
  <testcase time="0.05" classname="siena.base.test.GaeAsyncTest" name="testFilterWithOperatorINLotsOfEntitiesPaginateStateless"/>
  <testcase time="0.03" classname="siena.base.test.GaeAsyncTest" name="testFilterWithOperatorINLotsOfEntitiesPaginateStateful"/>
  <testcase time="0.007" classname="siena.base.test.GaeAsyncTest" name="testFilterWithOperatorNotEqualStateful"/>
  <testcase time="0.022" classname="siena.base.test.GaeAsyncTest" name="testFilterWithOperatorNotEqualLotsOfEntitiesStateful"/>
  <testcase time="0.021" classname="siena.base.test.GaeAsyncTest" name="testFilterWithOperatorNotEqualLotsOfEntitiesStateless"/>
  <testcase time="0.006" classname="siena.base.test.GaeAsyncTest" name="testSearchSingleFieldEqualsSingleResult"/>
  <testcase time="0.006" classname="siena.base.test.GaeAsyncTest" name="testSearchSingleFieldEqualsSeveralResults"/>
  <testcase time="0.006" classname="siena.base.test.GaeAsyncTest" name="testSearchSingleFieldBeginSingleResults"/>
  <testcase time="0.013" classname="siena.base.test.GaeAsyncTest" name="testSearchSingleFieldBeginSeveralResults"/>
  <testcase time="0.006" classname="siena.base.test.GaeAsyncTest" name="testSearchSingleFieldBeginSeveralResultsKeysOnly"/>
  <testcase time="0.006" classname="siena.base.test.GaeAsyncTest" name="testSearchSingleFieldBeginSeveralResultsCount"/>
  <testcase time="0.031" classname="siena.base.test.GaeAsyncTest" name="testSearchSingleFieldEndException"/>
  <testcase time="0.003" classname="siena.base.test.GaeAsyncTest" name="testCount"/>
  <testcase time="0.004" classname="siena.base.test.GaeAsyncTest" name="testFetch"/>
  <testcase time="0.009" classname="siena.base.test.GaeAsyncTest" name="testFetchKeys"/>
  <testcase time="0.004" classname="siena.base.test.GaeAsyncTest" name="testFetchOrder"/>
  <testcase time="0.003" classname="siena.base.test.GaeAsyncTest" name="testFetchOrderKeys"/>
  <testcase time="0.003" classname="siena.base.test.GaeAsyncTest" name="testFetchOrderDesc"/>
  <testcase time="0.003" classname="siena.base.test.GaeAsyncTest" name="testFetchOrderDescKeys"/>
  <testcase time="0.003" classname="siena.base.test.GaeAsyncTest" name="testFetchOrderOnLongAutoId"/>
  <testcase time="0.003" classname="siena.base.test.GaeAsyncTest" name="testFetchOrderOnLongManualId"/>
  <testcase time="0.003" classname="siena.base.test.GaeAsyncTest" name="testFetchOrderOnStringId"/>
  <testcase time="0.003" classname="siena.base.test.GaeAsyncTest" name="testFetchOrderOnUUID"/>
  <testcase time="0.002" classname="siena.base.test.GaeAsyncTest" name="testFetchOrderOnLongAutoIdDesc"/>
  <testcase time="0.006" classname="siena.base.test.GaeAsyncTest" name="testFetchOrderOnLongManualIdDesc"/>
  <testcase time="0.004" classname="siena.base.test.GaeAsyncTest" name="testFetchOrderOnStringIdDesc"/>
  <testcase time="0.005" classname="siena.base.test.GaeAsyncTest" name="testFetchOrderOnUUIDDesc"/>
  <testcase time="0.003" classname="siena.base.test.GaeAsyncTest" name="testFilterOperatorEqualString"/>
  <testcase time="0.004" classname="siena.base.test.GaeAsyncTest" name="testFilterOperatorEqualInt"/>
  <testcase time="0.008" classname="siena.base.test.GaeAsyncTest" name="testFilterOperatorEqualUUID"/>
  <testcase time="0.004" classname="siena.base.test.GaeAsyncTest" name="testFilterOperatorEqualLongAutoID"/>
  <testcase time="0.004" classname="siena.base.test.GaeAsyncTest" name="testFilterOperatorEqualLongManualID"/>
  <testcase time="0.006" classname="siena.base.test.GaeAsyncTest" name="testFilterOperatorEqualStringID"/>
  <testcase time="0.004" classname="siena.base.test.GaeAsyncTest" name="testFilterOperatorNotEqualString"/>
  <testcase time="0.003" classname="siena.base.test.GaeAsyncTest" name="testFilterOperatorNotEqualInt"/>
  <testcase time="0.004" classname="siena.base.test.GaeAsyncTest" name="testFilterOperatorNotEqualUUID"/>
  <testcase time="0.003" classname="siena.base.test.GaeAsyncTest" name="testFilterOperatorNotEqualLongAutoID"/>
  <testcase time="0.004" classname="siena.base.test.GaeAsyncTest" name="testFilterOperatorNotEqualLongManualID"/>
  <testcase time="0.007" classname="siena.base.test.GaeAsyncTest" name="testFilterOperatorNotEqualStringID"/>
  <testcase time="0.006" classname="siena.base.test.GaeAsyncTest" name="testFilterOperatorIn"/>
  <testcase time="0.028" classname="siena.base.test.GaeAsyncTest" name="testFilterOperatorInOrder"/>
  <testcase time="0.004" classname="siena.base.test.GaeAsyncTest" name="testFilterOperatorInForUUID"/>
  <testcase time="0.043" classname="siena.base.test.GaeAsyncTest" name="testFilterOperatorInForLongAutoID"/>
  <testcase time="0.058" classname="siena.base.test.GaeAsyncTest" name="testFilterOperatorInForLongManualID"/>
  <testcase time="0.048" classname="siena.base.test.GaeAsyncTest" name="testFilterOperatorInForStringID"/>
  <testcase time="0.004" classname="siena.base.test.GaeAsyncTest" name="testFilterOperatorLessThan"/>
  <testcase time="0.004" classname="siena.base.test.GaeAsyncTest" name="testFilterOperatorLessThanForUUID"/>
  <testcase time="0.003" classname="siena.base.test.GaeAsyncTest" name="testFilterOperatorLessThanForLongAutoID"/>
  <testcase time="0.004" classname="siena.base.test.GaeAsyncTest" name="testFilterOperatorLessThanForLongManualID"/>
  <testcase time="0.003" classname="siena.base.test.GaeAsyncTest" name="testFilterOperatorLessThanForStringID"/>
  <testcase time="0.003" classname="siena.base.test.GaeAsyncTest" name="testFilterOperatorLessThanOrEqual"/>
  <testcase time="0.003" classname="siena.base.test.GaeAsyncTest" name="testFilterOperatorLessThanOrEqualForUUID"/>
  <testcase time="0.004" classname="siena.base.test.GaeAsyncTest" name="testFilterOperatorLessThanOrEqualForLongAutoID"/>
  <testcase time="0.005" classname="siena.base.test.GaeAsyncTest" name="testFilterOperatorLessThanOrEqualForLongManualID"/>
  <testcase time="0.002" classname="siena.base.test.GaeAsyncTest" name="testFilterOperatorLessThanOrEqualForStringID"/>
  <testcase time="0.004" classname="siena.base.test.GaeAsyncTest" name="testFilterOperatorMoreThan"/>
  <testcase time="0.003" classname="siena.base.test.GaeAsyncTest" name="testFilterOperatorMoreThanForUUID"/>
  <testcase time="0.003" classname="siena.base.test.GaeAsyncTest" name="testFilterOperatorMoreThanForLongAutoID"/>
  <testcase time="0.003" classname="siena.base.test.GaeAsyncTest" name="testFilterOperatorMoreThanForLongManualID"/>
  <testcase time="0.003" classname="siena.base.test.GaeAsyncTest" name="testFilterOperatorMoreThanForStringID"/>
  <testcase time="0.003" classname="siena.base.test.GaeAsyncTest" name="testFilterOperatorMoreThanOrEqual"/>
  <testcase time="0.003" classname="siena.base.test.GaeAsyncTest" name="testFilterOperatorMoreThanOrEqualForUUID"/>
  <testcase time="0.003" classname="siena.base.test.GaeAsyncTest" name="testFilterOperatorMoreThanOrEqualForLongAutoID"/>
  <testcase time="0.003" classname="siena.base.test.GaeAsyncTest" name="testFilterOperatorMoreThanOrEqualForLongManualID"/>
  <testcase time="0.004" classname="siena.base.test.GaeAsyncTest" name="testFilterOperatorMoreThanOrEqualForStringID"/>
  <testcase time="0.003" classname="siena.base.test.GaeAsyncTest" name="testCountFilter"/>
  <testcase time="0.02" classname="siena.base.test.GaeAsyncTest" name="testCountFilterUUID"/>
  <testcase time="0.027" classname="siena.base.test.GaeAsyncTest" name="testCountFilterLongAutoID"/>
  <testcase time="0.021" classname="siena.base.test.GaeAsyncTest" name="testCountFilterLongManualID"/>
  <testcase time="0.011" classname="siena.base.test.GaeAsyncTest" name="testCountFilterStringID"/>
  <testcase time="0.003" classname="siena.base.test.GaeAsyncTest" name="testFetchLimit"/>
  <testcase time="0.004" classname="siena.base.test.GaeAsyncTest" name="testFetchLimitUUID"/>
  <testcase time="0.011" classname="siena.base.test.GaeAsyncTest" name="testFetchLimitLongAutoID"/>
  <testcase time="0.004" classname="siena.base.test.GaeAsyncTest" name="testFetchLimitLongManualID"/>
  <testcase time="0.002" classname="siena.base.test.GaeAsyncTest" name="testFetchLimitStringID"/>
  <testcase time="0.003" classname="siena.base.test.GaeAsyncTest" name="testFetchLimitReal"/>
  <testcase time="0.003" classname="siena.base.test.GaeAsyncTest" name="testFetchLimitOffsetReal"/>
  <testcase time="0.005" classname="siena.base.test.GaeAsyncTest" name="testSearchSingle"/>
  <testcase time="0.004" classname="siena.base.test.GaeAsyncTest" name="testSearchSingleKeysOnly"/>
  <testcase time="0.006" classname="siena.base.test.GaeAsyncTest" name="testSearchSingleTwice"/>
  <testcase time="0.014" classname="siena.base.test.GaeAsyncTest" name="testSearchSingleCount"/>
  <testcase time="0.003" classname="siena.base.test.GaeAsyncTest" name="testFetchLimitOffset"/>
  <testcase time="0.002" classname="siena.base.test.GaeAsyncTest" name="testInsertUUID"/>
  <testcase time="0.003" classname="siena.base.test.GaeAsyncTest" name="testInsertLongAutoID"/>
  <testcase time="0.003" classname="siena.base.test.GaeAsyncTest" name="testInsertLongManualID"/>
  <testcase time="0.002" classname="siena.base.test.GaeAsyncTest" name="testInsertStringID"/>
  <testcase time="0.015" classname="siena.base.test.GaeAsyncTest" name="testGetUUID"/>
  <testcase time="0.003" classname="siena.base.test.GaeAsyncTest" name="testGetLongAutoID"/>
  <testcase time="0.003" classname="siena.base.test.GaeAsyncTest" name="testGetLongManualID"/>
  <testcase time="0.003" classname="siena.base.test.GaeAsyncTest" name="testGetStringID"/>
  <testcase time="0.034" classname="siena.base.test.GaeAsyncTest" name="testUpdateUUID"/>
  <testcase time="0.002" classname="siena.base.test.GaeAsyncTest" name="testUpdateLongAutoID"/>
  <testcase time="0.007" classname="siena.base.test.GaeAsyncTest" name="testDeleteUUID"/>
  <testcase time="0.054" classname="siena.base.test.GaeAsyncTest" name="testIterFullUUID"/>
  <testcase time="0.003" classname="siena.base.test.GaeAsyncTest" name="testIterFullLongAutoID"/>
  <testcase time="0.002" classname="siena.base.test.GaeAsyncTest" name="testIterFullLongManualID"/>
  <testcase time="0.003" classname="siena.base.test.GaeAsyncTest" name="testIterFullLongStringID"/>
  <testcase time="0.005" classname="siena.base.test.GaeAsyncTest" name="testIterLimitUUID"/>
  <testcase time="0.005" classname="siena.base.test.GaeAsyncTest" name="testIterLimitLongAutoID"/>
  <testcase time="0.003" classname="siena.base.test.GaeAsyncTest" name="testIterLimitLongManualID"/>
  <testcase time="0.005" classname="siena.base.test.GaeAsyncTest" name="testIterLimitLongStringID"/>
  <testcase time="0.002" classname="siena.base.test.GaeAsyncTest" name="testIterLimitOffsetUUID"/>
  <testcase time="0.004" classname="siena.base.test.GaeAsyncTest" name="testIterLimitOffsetLongAutoID"/>
  <testcase time="0.003" classname="siena.base.test.GaeAsyncTest" name="testIterLimitOffsetLongManualID"/>
  <testcase time="0.002" classname="siena.base.test.GaeAsyncTest" name="testIterLimitOffsetLongStringID"/>
  <testcase time="0.003" classname="siena.base.test.GaeAsyncTest" name="testIterFilter"/>
  <testcase time="0.002" classname="siena.base.test.GaeAsyncTest" name="testIterFilterLimit"/>
  <testcase time="0.002" classname="siena.base.test.GaeAsyncTest" name="testIterFilterLimitOffset"/>
  <testcase time="0.003" classname="siena.base.test.GaeAsyncTest" name="testOrderLongAutoId"/>
  <testcase time="0.002" classname="siena.base.test.GaeAsyncTest" name="testOrderLongManualId"/>
  <testcase time="0.004" classname="siena.base.test.GaeAsyncTest" name="testOrderStringId"/>
  <testcase time="0.004" classname="siena.base.test.GaeAsyncTest" name="testGetObjectNotFound"/>
  <testcase time="0.003" classname="siena.base.test.GaeAsyncTest" name="testDeleteObjectNotFound"/>
  <testcase time="0.002" classname="siena.base.test.GaeAsyncTest" name="testAutoincrement"/>
  <testcase time="0.005" classname="siena.base.test.GaeAsyncTest" name="testRelationship"/>
  <testcase time="0.003" classname="siena.base.test.GaeAsyncTest" name="testMultipleKeys"/>
  <testcase time="0.003" classname="siena.base.test.GaeAsyncTest" name="testDataTypesNull"/>
  <testcase time="0.008" classname="siena.base.test.GaeAsyncTest" name="testDataTypesNotNull"/>
  <testcase time="0.003" classname="siena.base.test.GaeAsyncTest" name="testQueryDelete"/>
  <testcase time="0.007" classname="siena.base.test.GaeAsyncTest" name="testQueryDeleteFiltered"/>
  <testcase time="0.008" classname="siena.base.test.GaeAsyncTest" name="testJoin"/>
  <testcase time="0.003" classname="siena.base.test.GaeAsyncTest" name="testJoinAnnotation"/>
  <testcase time="0.002" classname="siena.base.test.GaeAsyncTest" name="testFetchPrivateFields"/>
  <testcase time="0.006" classname="siena.base.test.GaeAsyncTest" name="testFetchPaginateStatelessNextPage"/>
  <testcase time="0.008" classname="siena.base.test.GaeAsyncTest" name="testFetchPaginateStatelessNextPageToEnd"/>
  <testcase time="0.004" classname="siena.base.test.GaeAsyncTest" name="testFetchPaginateStatelessPreviousPageFromScratch"/>
  <testcase time="0.003" classname="siena.base.test.GaeAsyncTest" name="testFetchPaginateStatelessPreviousPage"/>
  <testcase time="0.004" classname="siena.base.test.GaeAsyncTest" name="testFetchPaginateStatefulNextPage"/>
  <testcase time="0.004" classname="siena.base.test.GaeAsyncTest" name="testFetchPaginateStatefulNextPageToEnd"/>
  <testcase time="0.004" classname="siena.base.test.GaeAsyncTest" name="testFetchPaginateStatefulPreviousPageFromScratch"/>
  <testcase time="0.003" classname="siena.base.test.GaeAsyncTest" name="testFetchPaginateStatefulPreviousPage"/>
  <testcase time="0.007" classname="siena.base.test.GaeAsyncTest" name="testFetchPaginateStatefulPreviouPageSeveralTimes"/>
  <testcase time="0.006" classname="siena.base.test.GaeAsyncTest" name="testFetchKeysPaginateStatelessNextPage"/>
  <testcase time="0.006" classname="siena.base.test.GaeAsyncTest" name="testFetchKeysPaginateStatelessPreviousPageFromScratch"/>
  <testcase time="0.004" classname="siena.base.test.GaeAsyncTest" name="testFetchKeysPaginateStatelessPreviousPage"/>
  <testcase time="0.004" classname="siena.base.test.GaeAsyncTest" name="testFetchKeysPaginateStatelessPreviouPageSeveralTimes"/>
  <testcase time="0.012" classname="siena.base.test.GaeAsyncTest" name="testFetchKeysPaginateStatefulNextPage"/>
  <testcase time="0.003" classname="siena.base.test.GaeAsyncTest" name="testFetchKeysPaginateStatefulPreviousPageFromScratch"/>
  <testcase time="0.003" classname="siena.base.test.GaeAsyncTest" name="testFetchKeysPaginateStatefulPreviousPage"/>
  <testcase time="0.004" classname="siena.base.test.GaeAsyncTest" name="testIterPaginateStatelessNextPage"/>
  <testcase time="0.002" classname="siena.base.test.GaeAsyncTest" name="testIterPaginateStatelessPreviousPageFromScratch"/>
  <testcase time="0.003" classname="siena.base.test.GaeAsyncTest" name="testIterPaginateStatelessPreviousPage"/>
  <testcase time="0.004" classname="siena.base.test.GaeAsyncTest" name="testIterPaginateStatelessPreviouPageSeveralTimes"/>
  <testcase time="0.003" classname="siena.base.test.GaeAsyncTest" name="testIterPaginateStatefulNextPage"/>
  <testcase time="0.003" classname="siena.base.test.GaeAsyncTest" name="testIterPaginateStatefulPreviousPageFromScratch"/>
  <testcase time="0.004" classname="siena.base.test.GaeAsyncTest" name="testIterPaginateStatefulPreviousPage"/>
  <testcase time="0.004" classname="siena.base.test.GaeAsyncTest" name="testIterPaginateStatefulPreviouPageSeveralTimes"/>
  <testcase time="0.01" classname="siena.base.test.GaeAsyncTest" name="testIterLotsOfEntitiesStateless"/>
  <testcase time="0.242" classname="siena.base.test.GaeAsyncTest" name="testIterLotsOfEntitiesStateful"/>
  <testcase time="0.158" classname="siena.base.test.GaeAsyncTest" name="testIterLotsOfEntitiesStatefulMixed"/>
  <testcase time="0.01" classname="siena.base.test.GaeAsyncTest" name="testIterLotsOfEntitiesStatefulMixed2"/>
  <testcase time="0.091" classname="siena.base.test.GaeAsyncTest" name="testIterLotsOfEntitiesStatefulMixed3"/>
  <testcase time="0.024" classname="siena.base.test.GaeAsyncTest" name="testFetchLotsOfEntitiesStatefulMixed"/>
  <testcase time="0.014" classname="siena.base.test.GaeAsyncTest" name="testFetchLotsOfEntitiesStatefulMixed2"/>
  <testcase time="0.107" classname="siena.base.test.GaeAsyncTest" name="testFetchIterLotsOfEntitiesStatefulMixed"/>
  <testcase time="0.196" classname="siena.base.test.GaeAsyncTest" name="testFetchIterLotsOfEntitiesStatefulMixed2"/>
  <testcase time="0.007" classname="siena.base.test.GaeAsyncTest" name="testBatchInsert"/>
  <testcase time="0.032" classname="siena.base.test.GaeAsyncTest" name="testBatchInsertList"/>
  <testcase time="0.009" classname="siena.base.test.GaeAsyncTest" name="testBatchDelete"/>
  <testcase time="0.009" classname="siena.base.test.GaeAsyncTest" name="testBatchDeleteList"/>
  <testcase time="0.021" classname="siena.base.test.GaeAsyncTest" name="testBatchDeleteByKeys"/>
  <testcase time="0.027" classname="siena.base.test.GaeAsyncTest" name="testBatchDeleteByKeysList"/>
  <testcase time="0.025" classname="siena.base.test.GaeAsyncTest" name="testBatchGet"/>
  <testcase time="0.1" classname="siena.base.test.GaeAsyncTest" name="testBatchGetList"/>
  <testcase time="0.005" classname="siena.base.test.GaeAsyncTest" name="testBatchGetByKeys"/>
  <testcase time="0.008" classname="siena.base.test.GaeAsyncTest" name="testBatchGetByKeysList"/>
  <testcase time="0.019" classname="siena.base.test.GaeAsyncTest" name="testLimitStateless"/>
  <testcase time="0.011" classname="siena.base.test.GaeAsyncTest" name="testLimitStateful"/>
  <testcase time="0.009" classname="siena.base.test.GaeAsyncTest" name="testOffsetStateless"/>
  <testcase time="0.007" classname="siena.base.test.GaeAsyncTest" name="testOffsetStateful"/>
  <testcase time="0.007" classname="siena.base.test.GaeAsyncTest" name="testOffsetLimitStateless"/>
  <testcase time="0.008" classname="siena.base.test.GaeAsyncTest" name="testOffsetLimitStateful"/>
  <testcase time="0.014" classname="siena.base.test.GaeAsyncTest" name="testOffsetLimitStatelessPaginate"/>
  <testcase time="0.027" classname="siena.base.test.GaeAsyncTest" name="testOffsetLimitStatefulPaginate"/>
  <testcase time="0.048" classname="siena.base.test.GaeAsyncTest" name="testOffsetLimitStatelessPaginate2"/>
  <testcase time="0.037" classname="siena.base.test.GaeAsyncTest" name="testOffsetLimitStatefulPaginate2"/>
  <testcase time="0.005" classname="siena.base.test.GaeAsyncTest" name="testFetchPaginateStatelessTwice"/>
  <testcase time="0.005" classname="siena.base.test.GaeAsyncTest" name="testFetchPaginateStatefulTwice"/>
  <testcase time="0.015" classname="siena.base.test.GaeAsyncTest" name="testLimitStatelessKeys"/>
  <testcase time="0.012" classname="siena.base.test.GaeAsyncTest" name="testLimitStatefulKeys"/>
  <testcase time="0.008" classname="siena.base.test.GaeAsyncTest" name="testOffsetStatelessKeys"/>
  <testcase time="0.007" classname="siena.base.test.GaeAsyncTest" name="testOffsetStatefulKeys"/>
  <testcase time="0.008" classname="siena.base.test.GaeAsyncTest" name="testOffsetLimitStatelessKeys"/>
  <testcase time="0.007" classname="siena.base.test.GaeAsyncTest" name="testOffsetLimitStatefulKeys"/>
  <testcase time="0.024" classname="siena.base.test.GaeAsyncTest" name="testOffsetLimitStatelessPaginateKeys"/>
  <testcase time="0.034" classname="siena.base.test.GaeAsyncTest" name="testOffsetLimitStatefulPaginateKeys"/>
  <testcase time="0.04" classname="siena.base.test.GaeAsyncTest" name="testOffsetLimitStatelessPaginate2Keys"/>
  <testcase time="0.039" classname="siena.base.test.GaeAsyncTest" name="testOffsetLimitStatefulPaginate2Keys"/>
  <testcase time="0.005" classname="siena.base.test.GaeAsyncTest" name="testFetchPaginateStatelessTwiceKeys"/>
  <testcase time="0.004" classname="siena.base.test.GaeAsyncTest" name="testFetchPaginateStatefulTwiceKeys"/>
  <testcase time="0.014" classname="siena.base.test.GaeAsyncTest" name="testLimitStatelessIter"/>
  <testcase time="0.176" classname="siena.base.test.GaeAsyncTest" name="testLimitStatefulIter"/>
  <testcase time="0.009" classname="siena.base.test.GaeAsyncTest" name="testOffsetStatelessIter"/>
  <testcase time="0.136" classname="siena.base.test.GaeAsyncTest" name="testOffsetStatefulIter"/>
  <testcase time="0.008" classname="siena.base.test.GaeAsyncTest" name="testOffsetLimitStatelessIter"/>
  <testcase time="0.08" classname="siena.base.test.GaeAsyncTest" name="testOffsetLimitStatefulIter"/>
  <testcase time="0.017" classname="siena.base.test.GaeAsyncTest" name="testOffsetLimitStatelessPaginateIter"/>
  <testcase time="0.364" classname="siena.base.test.GaeAsyncTest" name="testOffsetLimitStatefulPaginateIter"/>
  <testcase time="0.038" classname="siena.base.test.GaeAsyncTest" name="testOffsetLimitStatelessPaginate2Iter"/>
  <testcase time="0.294" classname="siena.base.test.GaeAsyncTest" name="testOffsetLimitStatefulPaginate2Iter"/>
  <testcase time="0.005" classname="siena.base.test.GaeAsyncTest" name="testFetchPaginateStatelessTwiceIter"/>
  <testcase time="0.005" classname="siena.base.test.GaeAsyncTest" name="testFetchPaginateStatefulTwiceIter"/>
  <testcase time="0.003" classname="siena.base.test.GaeAsyncTest" name="testFetchStringAutoInc"/>
  <testcase time="0.106" classname="siena.base.test.GaeAsyncTest" name="testIterPerPageStateless"/>
  <testcase time="0.068" classname="siena.base.test.GaeAsyncTest" name="testIterPerPageStateless2"/>
  <testcase time="0.067" classname="siena.base.test.GaeAsyncTest" name="testIterPerPageStateless3"/>
  <testcase time="0.075" classname="siena.base.test.GaeAsyncTest" name="testIterPerPageStateful"/>
  <testcase time="0.078" classname="siena.base.test.GaeAsyncTest" name="testIterPerPageStateful2"/>
  <testcase time="0.081" classname="siena.base.test.GaeAsyncTest" name="testIterPerPageStatefull3"/>
  <testcase time="0.004" classname="siena.base.test.GaeAsyncTest" name="testInsertObjectWithNullJoinObject"/>
  <testcase time="0.004" classname="siena.base.test.GaeAsyncTest" name="testInsertObjectWithDoubleNullJoinObject"/>
  <testcase time="0.006" classname="siena.base.test.GaeAsyncTest" name="testJoinAnnotationDouble"/>
  <testcase time="0.031" classname="siena.base.test.GaeAsyncTest" name="testBatchUpdate"/>
  <testcase time="0.026" classname="siena.base.test.GaeAsyncTest" name="testBatchUpdateList"/>
  <testcase time="0.004" classname="siena.base.test.GaeAsyncTest" name="testGetByKeyUUID"/>
  <testcase time="0.003" classname="siena.base.test.GaeAsyncTest" name="testGetByKeyLongAutoID"/>
  <testcase time="0.003" classname="siena.base.test.GaeAsyncTest" name="testGetByKeyLongManualID"/>
  <testcase time="0.009" classname="siena.base.test.GaeAsyncTest" name="testGetByKeyStringID"/>
  <testcase time="0.027" classname="siena.base.test.GaeAsyncTest" name="testSaveLongAutoID"/>
  <testcase time="0.004" classname="siena.base.test.GaeAsyncTest" name="testSaveUUID"/>
  <testcase time="0.003" classname="siena.base.test.GaeAsyncTest" name="testSaveLongManualID"/>
  <testcase time="0.004" classname="siena.base.test.GaeAsyncTest" name="testSaveStringID"/>
  <testcase time="0.021" classname="siena.base.test.GaeAsyncTest" name="testBatchSave"/>
  <testcase time="0.028" classname="siena.base.test.GaeAsyncTest" name="testBatchSaveList"/>
  <testcase time="0.004" classname="siena.base.test.GaeAsyncTest" name="testPolymorphic"/>
  <testcase time="0.003" classname="siena.base.test.GaeAsyncTest" name="testPolymorphic2"/>
  <testcase time="0.004" classname="siena.base.test.GaeAsyncTest" name="testEmbeddedModel"/>
  <testcase time="0.008" classname="siena.base.test.GaeAsyncTest" name="testNoColumn"/>
  <testcase time="0.004" classname="siena.base.test.GaeAsyncTest" name="testNoColumnMultipleKeys"/>
  <testcase time="0.003" classname="siena.base.test.GaeAsyncTest" name="testFetchPaginateStatelessNextPageRealAsync"/>
  <testcase time="0.005" classname="siena.base.test.GaeAsyncTest" name="testFetchPaginateStatelessPreviouPageSeveralTimes"/>
  <testcase time="0.003" classname="siena.base.test.GaeAsyncTest" name="testFetchPaginateStatefulNextPageRealAsync"/>
  <testcase time="0.003" classname="siena.base.test.GaeAsyncTest" name="testFetchKeysPaginateStatelessNextPageRealAsync"/>
  <testcase time="0.003" classname="siena.base.test.GaeAsyncTest" name="testFetchKeysPaginateStatefulNextPageRealAsync"/>
  <testcase time="0.005" classname="siena.base.test.GaeAsyncTest" name="testFetchKeysPaginateStatefulPreviouPageSeveralTimes"/>
  <testcase time="0.004" classname="siena.base.test.GaeAsyncTest" name="testIterPaginateStatelessNextPageRealAsync"/>
  <testcase time="0.003" classname="siena.base.test.GaeAsyncTest" name="testIterPaginateStatefulNextPageRealAsync"/>
  <testcase time="0.004" classname="siena.base.test.GaeAsyncTest" name="testIterPaginateStatefulPreviousPageAsync"/>
  <testcase time="0.005" classname="siena.base.test.GaeAsyncTest" name="testIterPaginateStatefulSeveralTimesRealAsync"/>
  <testcase time="0.024" classname="siena.base.test.GaeAsyncTest" name="testLimitStatelessRealAsync"/>
  <testcase time="0.041" classname="siena.base.test.GaeAsyncTest" name="testLimitStatefulRealAsync"/>
</testsuite>