<?xml version="1.0" encoding="UTF-8" ?>
<testsuite failures="0" time="38.87" errors="0" skipped="0" tests="265" name="siena.base.test.JdbcTest">
  <properties>
[...]
</properties>
  <testcase time="1.03" classname="siena.base.test.JdbcTest" name="testSearchMultipleSingleField"/>
  <testcase time="0.211" classname="siena.base.test.JdbcTest" name="testSearchMultipleSingleFieldKeysOnly"/>
  <testcase time="0.231" classname="siena.base.test.JdbcTest" name="testSearchMultipleSingleFieldCount"/>
  <testcase time="0.255" classname="siena.base.test.JdbcTest" name="testSearchMultipleWordsSingleField"/>
  <testcase time="0.144" classname="siena.base.test.JdbcTest" name="testSearchSingleTwiceInTheSameQuery"/>
  <testcase time="0.106" classname="siena.base.test.JdbcTest" name="testCount"/>
  <testcase time="0.126" classname="siena.base.test.JdbcTest" name="testFetch"/>
  <testcase time="0.126" classname="siena.base.test.JdbcTest" name="testFetchKeys"/>
  <testcase time="0.154" classname="siena.base.test.JdbcTest" name="testFetchOrder"/>
  <testcase time="0.125" classname="siena.base.test.JdbcTest" name="testFetchOrderKeys"/>
  <testcase time="0.129" classname="siena.base.test.JdbcTest" name="testFetchOrderDesc"/>
  <testcase time="0.145" classname="siena.base.test.JdbcTest" name="testFetchOrderDescKeys"/>
  <testcase time="0.135" classname="siena.base.test.JdbcTest" name="testFetchOrderOnLongAutoId"/>
  <testcase time="0.158" classname="siena.base.test.JdbcTest" name="testFetchOrderOnLongManualId"/>
  <testcase time="0.124" classname="siena.base.test.JdbcTest" name="testFetchOrderOnStringId"/>
  <testcase time="0.135" classname="siena.base.test.JdbcTest" name="testFetchOrderOnUUID"/>
  <testcase time="0.12" classname="siena.base.test.JdbcTest" name="testFetchOrderOnLongAutoIdDesc"/>
  <testcase time="0.146" classname="siena.base.test.JdbcTest" name="testFetchOrderOnLongManualIdDesc"/>
  <testcase time="0.125" classname="siena.base.test.JdbcTest" name="testFetchOrderOnStringIdDesc"/>
  <testcase time="0.132" classname="siena.base.test.JdbcTest" name="testFetchOrderOnUUIDDesc"/>
  <testcase time="0.122" classname="siena.base.test.JdbcTest" name="testFilterOperatorEqualString"/>
  <testcase time="0.129" classname="siena.base.test.JdbcTest" name="testFilterOperatorEqualInt"/>
  <testcase time="0.118" classname="siena.base.test.JdbcTest" name="testFilterOperatorEqualUUID"/>
  <testcase time="0.124" classname="siena.base.test.JdbcTest" name="testFilterOperatorEqualLongAutoID"/>
  <testcase time="0.166" classname="siena.base.test.JdbcTest" name="testFilterOperatorEqualLongManualID"/>
  <testcase time="0.117" classname="siena.base.test.JdbcTest" name="testFilterOperatorEqualStringID"/>
  <testcase time="0.122" classname="siena.base.test.JdbcTest" name="testFilterOperatorNotEqualString"/>
  <testcase time="0.12" classname="siena.base.test.JdbcTest" name="testFilterOperatorNotEqualInt"/>
  <testcase time="0.12" classname="siena.base.test.JdbcTest" name="testFilterOperatorNotEqualUUID"/>
  <testcase time="0.113" classname="siena.base.test.JdbcTest" name="testFilterOperatorNotEqualLongAutoID"/>
  <testcase time="0.125" classname="siena.base.test.JdbcTest" name="testFilterOperatorNotEqualLongManualID"/>
  <testcase time="0.125" classname="siena.base.test.JdbcTest" name="testFilterOperatorNotEqualStringID"/>
  <testcase time="0.12" classname="siena.base.test.JdbcTest" name="testFilterOperatorIn"/>
  <testcase time="0.113" classname="siena.base.test.JdbcTest" name="testFilterOperatorInOrder"/>
  <testcase time="0.116" classname="siena.base.test.JdbcTest" name="testFilterOperatorInForUUID"/>
  <testcase time="0.168" classname="siena.base.test.JdbcTest" name="testFilterOperatorInForLongAutoID"/>
  <testcase time="0.103" classname="siena.base.test.JdbcTest" name="testFilterOperatorInForLongManualID"/>
  <testcase time="0.107" classname="siena.base.test.JdbcTest" name="testFilterOperatorInForStringID"/>
  <testcase time="0.184" classname="siena.base.test.JdbcTest" name="testFilterOperatorLessThan"/>
  <testcase time="0.122" classname="siena.base.test.JdbcTest" name="testFilterOperatorLessThanForUUID"/>
  <testcase time="0.116" classname="siena.base.test.JdbcTest" name="testFilterOperatorLessThanForLongAutoID"/>
  <testcase time="0.101" classname="siena.base.test.JdbcTest" name="testFilterOperatorLessThanForLongManualID"/>
  <testcase time="0.1" classname="siena.base.test.JdbcTest" name="testFilterOperatorLessThanForStringID"/>
  <testcase time="0.212" classname="siena.base.test.JdbcTest" name="testFilterOperatorLessThanOrEqual"/>
  <testcase time="0.113" classname="siena.base.test.JdbcTest" name="testFilterOperatorLessThanOrEqualForUUID"/>
  <testcase time="0.295" classname="siena.base.test.JdbcTest" name="testFilterOperatorLessThanOrEqualForLongAutoID"/>
  <testcase time="0.121" classname="siena.base.test.JdbcTest" name="testFilterOperatorLessThanOrEqualForLongManualID"/>
  <testcase time="0.114" classname="siena.base.test.JdbcTest" name="testFilterOperatorLessThanOrEqualForStringID"/>
  <testcase time="0.119" classname="siena.base.test.JdbcTest" name="testFilterOperatorMoreThan"/>
  <testcase time="0.109" classname="siena.base.test.JdbcTest" name="testFilterOperatorMoreThanForUUID"/>
  <testcase time="0.103" classname="siena.base.test.JdbcTest" name="testFilterOperatorMoreThanForLongAutoID"/>
  <testcase time="0.102" classname="siena.base.test.JdbcTest" name="testFilterOperatorMoreThanForLongManualID"/>
  <testcase time="0.132" classname="siena.base.test.JdbcTest" name="testFilterOperatorMoreThanForStringID"/>
  <testcase time="0.113" classname="siena.base.test.JdbcTest" name="testFilterOperatorMoreThanOrEqual"/>
  <testcase time="0.124" classname="siena.base.test.JdbcTest" name="testFilterOperatorMoreThanOrEqualForUUID"/>
  <testcase time="0.204" classname="siena.base.test.JdbcTest" name="testFilterOperatorMoreThanOrEqualForLongAutoID"/>
  <testcase time="0.104" classname="siena.base.test.JdbcTest" name="testFilterOperatorMoreThanOrEqualForLongManualID"/>
  <testcase time="0.105" classname="siena.base.test.JdbcTest" name="testFilterOperatorMoreThanOrEqualForStringID"/>
  <testcase time="0.103" classname="siena.base.test.JdbcTest" name="testCountFilter"/>
  <testcase time="0.105" classname="siena.base.test.JdbcTest" name="testCountFilterUUID"/>
  <testcase time="0.113" classname="siena.base.test.JdbcTest" name="testCountFilterLongAutoID"/>
  <testcase time="0.113" classname="siena.base.test.JdbcTest" name="testCountFilterLongManualID"/>
  <testcase time="0.112" classname="siena.base.test.JdbcTest" name="testCountFilterStringID"/>
  <testcase time="0.108" classname="siena.base.test.JdbcTest" name="testFetchLimit"/>
  <testcase time="0.103" classname="siena.base.test.JdbcTest" name="testFetchLimitUUID"/>
  <testcase time="0.115" classname="siena.base.test.JdbcTest" name="testFetchLimitLongAutoID"/>
  <testcase time="0.107" classname="siena.base.test.JdbcTest" name="testFetchLimitLongManualID"/>
  <testcase time="0.104" classname="siena.base.test.JdbcTest" name="testFetchLimitStringID"/>
  <testcase time="0.105" classname="siena.base.test.JdbcTest" name="testCountLimit"/>
  <testcase time="0.186" classname="siena.base.test.JdbcTest" name="testFetchLimitReal"/>
  <testcase time="0.2" classname="siena.base.test.JdbcTest" name="testFetchLimitOffsetReal"/>
  <testcase time="0.108" classname="siena.base.test.JdbcTest" name="testFetchLimitOffset"/>
  <testcase time="0.117" classname="siena.base.test.JdbcTest" name="testCountLimitOffset"/>
  <testcase time="0.106" classname="siena.base.test.JdbcTest" name="testInsertUUID"/>
  <testcase time="0.105" classname="siena.base.test.JdbcTest" name="testInsertLongAutoID"/>
  <testcase time="0.178" classname="siena.base.test.JdbcTest" name="testInsertLongManualID"/>
  <testcase time="0.104" classname="siena.base.test.JdbcTest" name="testInsertStringID"/>
  <testcase time="0.105" classname="siena.base.test.JdbcTest" name="testGetUUID"/>
  <testcase time="0.1" classname="siena.base.test.JdbcTest" name="testGetLongAutoID"/>
  <testcase time="0.125" classname="siena.base.test.JdbcTest" name="testGetLongManualID"/>
  <testcase time="0.108" classname="siena.base.test.JdbcTest" name="testGetStringID"/>
  <testcase time="0.117" classname="siena.base.test.JdbcTest" name="testUpdateUUID"/>
  <testcase time="0.109" classname="siena.base.test.JdbcTest" name="testUpdateLongAutoID"/>
  <testcase time="0.107" classname="siena.base.test.JdbcTest" name="testDeleteUUID"/>
  <testcase time="0.102" classname="siena.base.test.JdbcTest" name="testIterFullUUID"/>
  <testcase time="0.095" classname="siena.base.test.JdbcTest" name="testIterFullLongAutoID"/>
  <testcase time="0.096" classname="siena.base.test.JdbcTest" name="testIterFullLongManualID"/>
  <testcase time="0.1" classname="siena.base.test.JdbcTest" name="testIterFullLongStringID"/>
  <testcase time="0.104" classname="siena.base.test.JdbcTest" name="testIterLimitUUID"/>
  <testcase time="0.1" classname="siena.base.test.JdbcTest" name="testIterLimitLongAutoID"/>
  <testcase time="0.103" classname="siena.base.test.JdbcTest" name="testIterLimitLongManualID"/>
  <testcase time="0.1" classname="siena.base.test.JdbcTest" name="testIterLimitLongStringID"/>
  <testcase time="0.1" classname="siena.base.test.JdbcTest" name="testIterLimitOffsetUUID"/>
  <testcase time="0.101" classname="siena.base.test.JdbcTest" name="testIterLimitOffsetLongAutoID"/>
  <testcase time="0.099" classname="siena.base.test.JdbcTest" name="testIterLimitOffsetLongManualID"/>
  <testcase time="0.109" classname="siena.base.test.JdbcTest" name="testIterLimitOffsetLongStringID"/>
  <testcase time="0.091" classname="siena.base.test.JdbcTest" name="testIterFilter"/>
  <testcase time="0.078" classname="siena.base.test.JdbcTest" name="testIterFilterLimit"/>
  <testcase time="0.08" classname="siena.base.test.JdbcTest" name="testIterFilterLimitOffset"/>
  <testcase time="0.079" classname="siena.base.test.JdbcTest" name="testOrderLongAutoId"/>
  <testcase time="0.097" classname="siena.base.test.JdbcTest" name="testOrderLongManualId"/>
  <testcase time="0.275" classname="siena.base.test.JdbcTest" name="testOrderStringId"/>
  <testcase time="0.107" classname="siena.base.test.JdbcTest" name="testGetObjectNotFound"/>
  <testcase time="0.11" classname="siena.base.test.JdbcTest" name="testDeleteObjectNotFound"/>
  <testcase time="0.182" classname="siena.base.test.JdbcTest" name="testAutoincrement"/>
  <testcase time="0.127" classname="siena.base.test.JdbcTest" name="testRelationship"/>
  <testcase time="0.129" classname="siena.base.test.JdbcTest" name="testMultipleKeys"/>
  <testcase time="0.131" classname="siena.base.test.JdbcTest" name="testDataTypesNull"/>
  <testcase time="0.122" classname="siena.base.test.JdbcTest" name="testDataTypesNotNull"/>
  <testcase time="0.134" classname="siena.base.test.JdbcTest" name="testQueryDelete"/>
  <testcase time="0.141" classname="siena.base.test.JdbcTest" name="testQueryDeleteFiltered"/>
  <testcase time="0.138" classname="siena.base.test.JdbcTest" name="testJoin"/>
  <testcase time="0.209" classname="siena.base.test.JdbcTest" name="testJoinSortFields"/>
  <testcase time="0.139" classname="siena.base.test.JdbcTest" name="testJoinAnnotation"/>
  <testcase time="0.24" classname="siena.base.test.JdbcTest" name="testFetchPrivateFields"/>
  <testcase time="0.114" classname="siena.base.test.JdbcTest" name="testFetchPaginateStatelessNextPage"/>
  <testcase time="0.119" classname="siena.base.test.JdbcTest" name="testFetchPaginateStatelessNextPageToEnd"/>
  <testcase time="0.11" classname="siena.base.test.JdbcTest" name="testFetchPaginateStatelessPreviousPageFromScratch"/>
  <testcase time="0.116" classname="siena.base.test.JdbcTest" name="testFetchPaginateStatelessPreviousPage"/>
  <testcase time="0.224" classname="siena.base.test.JdbcTest" name="testFetchPaginateStatelessSeveralTimes"/>
  <testcase time="0.128" classname="siena.base.test.JdbcTest" name="testFetchPaginateStatefulNextPage"/>
  <testcase time="0.108" classname="siena.base.test.JdbcTest" name="testFetchPaginateStatefulNextPageToEnd"/>
  <testcase time="0.107" classname="siena.base.test.JdbcTest" name="testFetchPaginateStatefulPreviousPageFromScratch"/>
  <testcase time="0.105" classname="siena.base.test.JdbcTest" name="testFetchPaginateStatefulPreviousPage"/>
  <testcase time="0.115" classname="siena.base.test.JdbcTest" name="testFetchPaginateStatefulPreviouPageSeveralTimes"/>
  <testcase time="0.109" classname="siena.base.test.JdbcTest" name="testFetchKeysPaginateStatelessNextPage"/>
  <testcase time="0.118" classname="siena.base.test.JdbcTest" name="testFetchKeysPaginateStatelessPreviousPageFromScratch"/>
  <testcase time="0.111" classname="siena.base.test.JdbcTest" name="testFetchKeysPaginateStatelessPreviousPage"/>
  <testcase time="0.133" classname="siena.base.test.JdbcTest" name="testFetchKeysPaginateStatelessPreviouPageSeveralTimes"/>
  <testcase time="0.125" classname="siena.base.test.JdbcTest" name="testFetchKeysPaginateStatefulNextPage"/>
  <testcase time="0.106" classname="siena.base.test.JdbcTest" name="testFetchKeysPaginateStatefulPreviousPageFromScratch"/>
  <testcase time="0.112" classname="siena.base.test.JdbcTest" name="testFetchKeysPaginateStatefulPreviousPage"/>
  <testcase time="0.11" classname="siena.base.test.JdbcTest" name="testFetchKeysPaginateStatefulSeveralTimes"/>
  <testcase time="0.113" classname="siena.base.test.JdbcTest" name="testIterPaginateStatelessNextPage"/>
  <testcase time="0.106" classname="siena.base.test.JdbcTest" name="testIterPaginateStatelessPreviousPageFromScratch"/>
  <testcase time="0.112" classname="siena.base.test.JdbcTest" name="testIterPaginateStatelessPreviousPage"/>
  <testcase time="0.108" classname="siena.base.test.JdbcTest" name="testIterPaginateStatelessPreviouPageSeveralTimes"/>
  <testcase time="0.119" classname="siena.base.test.JdbcTest" name="testIterPaginateStatefulNextPage"/>
  <testcase time="0.145" classname="siena.base.test.JdbcTest" name="testIterPaginateStatefulPreviousPageFromScratch"/>
  <testcase time="0.102" classname="siena.base.test.JdbcTest" name="testIterPaginateStatefulPreviousPage"/>
  <testcase time="0.114" classname="siena.base.test.JdbcTest" name="testIterPaginateStatefulPreviouPageSeveralTimes"/>
  <testcase time="0.174" classname="siena.base.test.JdbcTest" name="testIterLotsOfEntitiesStateless"/>
  <testcase time="0.184" classname="siena.base.test.JdbcTest" name="testIterLotsOfEntitiesStateful"/>
  <testcase time="0.155" classname="siena.base.test.JdbcTest" name="testIterLotsOfEntitiesStatefulMixed"/>
  <testcase time="0.166" classname="siena.base.test.JdbcTest" name="testIterLotsOfEntitiesStatefulMixed2"/>
  <testcase time="0.183" classname="siena.base.test.JdbcTest" name="testIterLotsOfEntitiesStatefulMixed3"/>
  <testcase time="0.176" classname="siena.base.test.JdbcTest" name="testFetchLotsOfEntitiesStatefulMixed"/>
  <testcase time="0.176" classname="siena.base.test.JdbcTest" name="testFetchLotsOfEntitiesStatefulMixed2"/>
  <testcase time="0.19" classname="siena.base.test.JdbcTest" name="testFetchIterLotsOfEntitiesStatefulMixed"/>
  <testcase time="0.205" classname="siena.base.test.JdbcTest" name="testFetchIterLotsOfEntitiesStatefulMixed2"/>
  <testcase time="0.157" classname="siena.base.test.JdbcTest" name="testFetchIterLotsOfEntitiesStatefulMixed3"/>
  <testcase time="0.115" classname="siena.base.test.JdbcTest" name="testSearchSingle"/>
  <testcase time="0.251" classname="siena.base.test.JdbcTest" name="testSearchSingleTwice"/>
  <testcase time="0.136" classname="siena.base.test.JdbcTest" name="testSearchSingleKeysOnly"/>
  <testcase time="0.108" classname="siena.base.test.JdbcTest" name="testSearchSingleCount"/>
  <testcase time="0.153" classname="siena.base.test.JdbcTest" name="testBatchInsert"/>
  <testcase time="0.147" classname="siena.base.test.JdbcTest" name="testBatchInsertList"/>
  <testcase time="0.186" classname="siena.base.test.JdbcTest" name="testBatchDelete"/>
  <testcase time="0.2" classname="siena.base.test.JdbcTest" name="testBatchDeleteList"/>
  <testcase time="0.098" classname="siena.base.test.JdbcTest" name="testBatchDeleteByKeys"/>
  <testcase time="0.222" classname="siena.base.test.JdbcTest" name="testBatchDeleteByKeysList"/>
  <testcase time="0.153" classname="siena.base.test.JdbcTest" name="testBatchGet"/>
  <testcase time="0.142" classname="siena.base.test.JdbcTest" name="testBatchGetList"/>
  <testcase time="0.1" classname="siena.base.test.JdbcTest" name="testBatchGetByKeys"/>
  <testcase time="0.134" classname="siena.base.test.JdbcTest" name="testBatchGetByKeysList"/>
  <testcase time="0.157" classname="siena.base.test.JdbcTest" name="testLimitStateful"/>
  <testcase time="0.16" classname="siena.base.test.JdbcTest" name="testLimitStateless"/>
  <testcase time="0.139" classname="siena.base.test.JdbcTest" name="testOffsetStateless"/>
  <testcase time="0.138" classname="siena.base.test.JdbcTest" name="testOffsetStateful"/>
  <testcase time="0.159" classname="siena.base.test.JdbcTest" name="testOffsetLimitStateless"/>
  <testcase time="0.161" classname="siena.base.test.JdbcTest" name="testOffsetLimitStateful"/>
  <testcase time="0.173" classname="siena.base.test.JdbcTest" name="testOffsetLimitStatelessPaginate"/>
  <testcase time="0.233" classname="siena.base.test.JdbcTest" name="testOffsetLimitStatefulPaginate"/>
  <testcase time="0.436" classname="siena.base.test.JdbcTest" name="testOffsetLimitStatelessPaginate2"/>
  <testcase time="0.211" classname="siena.base.test.JdbcTest" name="testOffsetLimitStatefulPaginate2"/>
  <testcase time="0.121" classname="siena.base.test.JdbcTest" name="testFetchPaginateStatelessTwice"/>
  <testcase time="0.101" classname="siena.base.test.JdbcTest" name="testFetchPaginateStatefulTwice"/>
  <testcase time="0.155" classname="siena.base.test.JdbcTest" name="testLimitStatelessKeys"/>
  <testcase time="0.348" classname="siena.base.test.JdbcTest" name="testLimitStatefulKeys"/>
  <testcase time="0.165" classname="siena.base.test.JdbcTest" name="testOffsetStatelessKeys"/>
  <testcase time="0.17" classname="siena.base.test.JdbcTest" name="testOffsetStatefulKeys"/>
  <testcase time="0.162" classname="siena.base.test.JdbcTest" name="testOffsetLimitStatelessKeys"/>
  <testcase time="0.147" classname="siena.base.test.JdbcTest" name="testOffsetLimitStatefulKeys"/>
  <testcase time="0.164" classname="siena.base.test.JdbcTest" name="testOffsetLimitStatelessPaginateKeys"/>
  <testcase time="0.221" classname="siena.base.test.JdbcTest" name="testOffsetLimitStatefulPaginateKeys"/>
  <testcase time="0.247" classname="siena.base.test.JdbcTest" name="testOffsetLimitStatelessPaginate2Keys"/>
  <testcase time="0.233" classname="siena.base.test.JdbcTest" name="testOffsetLimitStatefulPaginate2Keys"/>
  <testcase time="0.12" classname="siena.base.test.JdbcTest" name="testFetchPaginateStatelessTwiceKeys"/>
  <testcase time="0.109" classname="siena.base.test.JdbcTest" name="testFetchPaginateStatefulTwiceKeys"/>
  <testcase time="0.146" classname="siena.base.test.JdbcTest" name="testLimitStatelessIter"/>
  <testcase time="0.176" classname="siena.base.test.JdbcTest" name="testLimitStatefulIter"/>
  <testcase time="0.146" classname="siena.base.test.JdbcTest" name="testOffsetStatelessIter"/>
  <testcase time="0.166" classname="siena.base.test.JdbcTest" name="testOffsetStatefulIter"/>
  <testcase time="0.167" classname="siena.base.test.JdbcTest" name="testOffsetLimitStatelessIter"/>
  <testcase time="0.165" classname="siena.base.test.JdbcTest" name="testOffsetLimitStatefulIter"/>
  <testcase time="0.162" classname="siena.base.test.JdbcTest" name="testOffsetLimitStatelessPaginateIter"/>
  <testcase time="0.213" classname="siena.base.test.JdbcTest" name="testOffsetLimitStatefulPaginateIter"/>
  <testcase time="0.223" classname="siena.base.test.JdbcTest" name="testOffsetLimitStatelessPaginate2Iter"/>
  <testcase time="0.225" classname="siena.base.test.JdbcTest" name="testOffsetLimitStatefulPaginate2Iter"/>
  <testcase time="0.12" classname="siena.base.test.JdbcTest" name="testFetchPaginateStatelessTwiceIter"/>
  <testcase time="0.116" classname="siena.base.test.JdbcTest" name="testFetchPaginateStatefulTwiceIter"/>
  <testcase time="0.108" classname="siena.base.test.JdbcTest" name="testFetchStringAutoInc"/>
  <testcase time="0.105" classname="siena.base.test.JdbcTest" name="testDumpQueryOption"/>
  <testcase time="0.105" classname="siena.base.test.JdbcTest" name="testRestoreQueryOption"/>
  <testcase time="0.305" classname="siena.base.test.JdbcTest" name="testIterPerPageStateless"/>
  <testcase time="0.319" classname="siena.base.test.JdbcTest" name="testIterPerPageStateless2"/>
  <testcase time="0.294" classname="siena.base.test.JdbcTest" name="testIterPerPageStateless3"/>
  <testcase time="0.325" classname="siena.base.test.JdbcTest" name="testIterPerPageStateful"/>
  <testcase time="0.526" classname="siena.base.test.JdbcTest" name="testIterPerPageStateful2"/>
  <testcase time="0.339" classname="siena.base.test.JdbcTest" name="testIterPerPageStatefull3"/>
  <testcase time="0.111" classname="siena.base.test.JdbcTest" name="testInsertObjectWithNullJoinObject"/>
  <testcase time="0.1" classname="siena.base.test.JdbcTest" name="testInsertObjectWithDoubleNullJoinObject"/>
  <testcase time="0.122" classname="siena.base.test.JdbcTest" name="testJoinAnnotationDouble"/>
  <testcase time="0.187" classname="siena.base.test.JdbcTest" name="testBatchUpdate"/>
  <testcase time="0.19" classname="siena.base.test.JdbcTest" name="testBatchUpdateList"/>
  <testcase time="0.093" classname="siena.base.test.JdbcTest" name="testGetByKeyUUID"/>
  <testcase time="0.097" classname="siena.base.test.JdbcTest" name="testGetByKeyLongAutoID"/>
  <testcase time="0.1" classname="siena.base.test.JdbcTest" name="testGetByKeyLongManualID"/>
  <testcase time="0.1" classname="siena.base.test.JdbcTest" name="testGetByKeyStringID"/>
  <testcase time="0.108" classname="siena.base.test.JdbcTest" name="testSaveLongAutoID"/>
  <testcase time="0.107" classname="siena.base.test.JdbcTest" name="testSaveUUID"/>
  <testcase time="0.108" classname="siena.base.test.JdbcTest" name="testSaveLongManualID"/>
  <testcase time="0.11" classname="siena.base.test.JdbcTest" name="testSaveStringID"/>
  <testcase time="0.278" classname="siena.base.test.JdbcTest" name="testBatchSave"/>
  <testcase time="0.215" classname="siena.base.test.JdbcTest" name="testBatchSaveList"/>
  <testcase time="0.113" classname="siena.base.test.JdbcTest" name="testPolymorphic"/>
  <testcase time="0.107" classname="siena.base.test.JdbcTest" name="testPolymorphic2"/>
  <testcase time="0.115" classname="siena.base.test.JdbcTest" name="testEmbeddedModel"/>
  <testcase time="0.125" classname="siena.base.test.JdbcTest" name="testNoColumn"/>
  <testcase time="0.357" classname="siena.base.test.JdbcTest" name="testNoColumnMultipleKeys"/>
  <testcase time="0.109" classname="siena.base.test.JdbcTest" name="testLifeCycleGet"/>
  <testcase time="0.095" classname="siena.base.test.JdbcTest" name="testLifeCycleGetMultiAndLifeCycleInjection"/>
  <testcase time="0.102" classname="siena.base.test.JdbcTest" name="testLifeCycleInsert"/>
  <testcase time="0.107" classname="siena.base.test.JdbcTest" name="testLifeCycleDelete"/>
  <testcase time="0.108" classname="siena.base.test.JdbcTest" name="testLifeCycleUpdate"/>
  <testcase time="0.095" classname="siena.base.test.JdbcTest" name="testLifeCycleSave"/>
  <testcase time="0.098" classname="siena.base.test.JdbcTest" name="testDumpRestoreQueryFilterSimple"/>
  <testcase time="0.099" classname="siena.base.test.JdbcTest" name="testDumpRestoreQueryFilterSearch"/>
  <testcase time="0.109" classname="siena.base.test.JdbcTest" name="testDumpRestoreQueryOrder"/>
  <testcase time="0.1" classname="siena.base.test.JdbcTest" name="testDumpRestoreQueryJoin"/>
  <testcase time="0.096" classname="siena.base.test.JdbcTest" name="testDumpRestoreQueryData"/>
  <testcase time="0.103" classname="siena.base.test.JdbcTest" name="testSerializeEmbeddedModel"/>
  <testcase time="0.137" classname="siena.base.test.JdbcTest" name="testBigDecimal"/>
  <testcase time="0.129" classname="siena.base.test.JdbcTest" name="testBigDecimalNoPrecision"/>
  <testcase time="0.129" classname="siena.base.test.JdbcTest" name="testBigDecimalString"/>
  <testcase time="0.125" classname="siena.base.test.JdbcTest" name="testBigDecimalDouble"/>
  <testcase time="0.118" classname="siena.base.test.JdbcTest" name="testTransactionUpdate"/>
  <testcase time="0.109" classname="siena.base.test.JdbcTest" name="testTransactionUpdateFailure"/>
  <testcase time="0.113" classname="siena.base.test.JdbcTest" name="testTransactionInsert"/>
  <testcase time="0.112" classname="siena.base.test.JdbcTest" name="testTransactionInsertFailure"/>
  <testcase time="0.113" classname="siena.base.test.JdbcTest" name="testTransactionSave"/>
  <testcase time="0.112" classname="siena.base.test.JdbcTest" name="testTransactionSaveFailure"/>
  <testcase time="0.122" classname="siena.base.test.JdbcTest" name="testTransactionDelete"/>
  <testcase time="0.108" classname="siena.base.test.JdbcTest" name="testTransactionDeleteFailure"/>
  <testcase time="0.114" classname="siena.base.test.JdbcTest" name="testTransactionInsertBatch"/>
  <testcase time="0.2" classname="siena.base.test.JdbcTest" name="testTransactionInsertBatchFailure"/>
  <testcase time="0.128" classname="siena.base.test.JdbcTest" name="testTransactionDeleteBatch"/>
  <testcase time="0.111" classname="siena.base.test.JdbcTest" name="testTransactionDeleteBatchFailure"/>
  <testcase time="0.117" classname="siena.base.test.JdbcTest" name="testTransactionUpdateBatch"/>
  <testcase time="0.42" classname="siena.base.test.JdbcTest" name="testTransactionUpdateBatchFailure"/>
  <testcase time="0.102" classname="siena.base.test.JdbcTest" name="testTransactionSaveBatch"/>
  <testcase time="0.313" classname="siena.base.test.JdbcTest" name="testTransactionSaveBatchFailure"/>
  <testcase time="0.099" classname="siena.base.test.JdbcTest" name="testBatchGetByKeysNonExisting"/>
  <testcase time="0.096" classname="siena.base.test.JdbcTest" name="testGetNonExisting"/>
  <testcase time="0.104" classname="siena.base.test.JdbcTest" name="testGetByKeyNonExisting"/>
</testsuite>