<?xml version="1.0" encoding="UTF-8" ?>
<testsuite failures="0" time="2.633" errors="0" skipped="0" tests="265" name="siena.base.test.H2Test">
  <properties>
[...]
</properties>
  <testcase time="0.641" classname="siena.base.test.H2Test" name="testSearchMultipleSingleField"/>
  <testcase time="0.013" classname="siena.base.test.H2Test" name="testSearchMultipleSingleFieldKeysOnly"/>
  <testcase time="0.01" classname="siena.base.test.H2Test" name="testSearchMultipleSingleFieldCount"/>
  <testcase time="0.009" classname="siena.base.test.H2Test" name="testSearchMultipleWordsSingleField"/>
  <testcase time="0.045" classname="siena.base.test.H2Test" name="testSearchSingleTwiceInTheSameQuery"/>
  <testcase time="0.045" classname="siena.base.test.H2Test" name="testCount"/>
  <testcase time="0.003" classname="siena.base.test.H2Test" name="testFetch"/>
  <testcase time="0.002" classname="siena.base.test.H2Test" name="testFetchKeys"/>
  <testcase time="0.003" classname="siena.base.test.H2Test" name="testFetchOrder"/>
  <testcase time="0.003" classname="siena.base.test.H2Test" name="testFetchOrderKeys"/>
  <testcase time="0.002" classname="siena.base.test.H2Test" name="testFetchOrderDesc"/>
  <testcase time="0.003" classname="siena.base.test.H2Test" name="testFetchOrderDescKeys"/>
  <testcase time="0.002" classname="siena.base.test.H2Test" name="testFetchOrderOnLongAutoId"/>
  <testcase time="0.003" classname="siena.base.test.H2Test" name="testFetchOrderOnLongManualId"/>
  <testcase time="0.002" classname="siena.base.test.H2Test" name="testFetchOrderOnStringId"/>
  <testcase time="0.003" classname="siena.base.test.H2Test" name="testFetchOrderOnUUID"/>
  <testcase time="0.003" classname="siena.base.test.H2Test" name="testFetchOrderOnLongAutoIdDesc"/>
  <testcase time="0.002" classname="siena.base.test.H2Test" name="testFetchOrderOnLongManualIdDesc"/>
  <testcase time="0.003" classname="siena.base.test.H2Test" name="testFetchOrderOnStringIdDesc"/>
  <testcase time="0.002" classname="siena.base.test.H2Test" name="testFetchOrderOnUUIDDesc"/>
  <testcase time="0.003" classname="siena.base.test.H2Test" name="testFilterOperatorEqualString"/>
  <testcase time="0.003" classname="siena.base.test.H2Test" name="testFilterOperatorEqualInt"/>
  <testcase time="0.002" classname="siena.base.test.H2Test" name="testFilterOperatorEqualUUID"/>
  <testcase time="0.003" classname="siena.base.test.H2Test" name="testFilterOperatorEqualLongAutoID"/>
  <testcase time="0.002" classname="siena.base.test.H2Test" name="testFilterOperatorEqualLongManualID"/>
  <testcase time="0.003" classname="siena.base.test.H2Test" name="testFilterOperatorEqualStringID"/>
  <testcase time="0.002" classname="siena.base.test.H2Test" name="testFilterOperatorNotEqualString"/>
  <testcase time="0.003" classname="siena.base.test.H2Test" name="testFilterOperatorNotEqualInt"/>
  <testcase time="0.003" classname="siena.base.test.H2Test" name="testFilterOperatorNotEqualUUID"/>
  <testcase time="0.002" classname="siena.base.test.H2Test" name="testFilterOperatorNotEqualLongAutoID"/>
  <testcase time="0.003" classname="siena.base.test.H2Test" name="testFilterOperatorNotEqualLongManualID"/>
  <testcase time="0.003" classname="siena.base.test.H2Test" name="testFilterOperatorNotEqualStringID"/>
  <testcase time="0.002" classname="siena.base.test.H2Test" name="testFilterOperatorIn"/>
  <testcase time="0.003" classname="siena.base.test.H2Test" name="testFilterOperatorInOrder"/>
  <testcase time="0.003" classname="siena.base.test.H2Test" name="testFilterOperatorInForUUID"/>
  <testcase time="0.003" classname="siena.base.test.H2Test" name="testFilterOperatorInForLongAutoID"/>
  <testcase time="0.002" classname="siena.base.test.H2Test" name="testFilterOperatorInForLongManualID"/>
  <testcase time="0.003" classname="siena.base.test.H2Test" name="testFilterOperatorInForStringID"/>
  <testcase time="0.002" classname="siena.base.test.H2Test" name="testFilterOperatorLessThan"/>
  <testcase time="0.003" classname="siena.base.test.H2Test" name="testFilterOperatorLessThanForUUID"/>
  <testcase time="0.003" classname="siena.base.test.H2Test" name="testFilterOperatorLessThanForLongAutoID"/>
  <testcase time="0.002" classname="siena.base.test.H2Test" name="testFilterOperatorLessThanForLongManualID"/>
  <testcase time="0.003" classname="siena.base.test.H2Test" name="testFilterOperatorLessThanForStringID"/>
  <testcase time="0.003" classname="siena.base.test.H2Test" name="testFilterOperatorLessThanOrEqual"/>
  <testcase time="0.002" classname="siena.base.test.H2Test" name="testFilterOperatorLessThanOrEqualForUUID"/>
  <testcase time="0.003" classname="siena.base.test.H2Test" name="testFilterOperatorLessThanOrEqualForLongAutoID"/>
  <testcase time="0.002" classname="siena.base.test.H2Test" name="testFilterOperatorLessThanOrEqualForLongManualID"/>
  <testcase time="0.003" classname="siena.base.test.H2Test" name="testFilterOperatorLessThanOrEqualForStringID"/>
  <testcase time="0.002" classname="siena.base.test.H2Test" name="testFilterOperatorMoreThan"/>
  <testcase time="0.003" classname="siena.base.test.H2Test" name="testFilterOperatorMoreThanForUUID"/>
  <testcase time="0.002" classname="siena.base.test.H2Test" name="testFilterOperatorMoreThanForLongAutoID"/>
  <testcase time="0.003" classname="siena.base.test.H2Test" name="testFilterOperatorMoreThanForLongManualID"/>
  <testcase time="0.002" classname="siena.base.test.H2Test" name="testFilterOperatorMoreThanForStringID"/>
  <testcase time="0.003" classname="siena.base.test.H2Test" name="testFilterOperatorMoreThanOrEqual"/>
  <testcase time="0.002" classname="siena.base.test.H2Test" name="testFilterOperatorMoreThanOrEqualForUUID"/>
  <testcase time="0.003" classname="siena.base.test.H2Test" name="testFilterOperatorMoreThanOrEqualForLongAutoID"/>
  <testcase time="0.002" classname="siena.base.test.H2Test" name="testFilterOperatorMoreThanOrEqualForLongManualID"/>
  <testcase time="0.003" classname="siena.base.test.H2Test" name="testFilterOperatorMoreThanOrEqualForStringID"/>
  <testcase time="0.004" classname="siena.base.test.H2Test" name="testCountFilter"/>
  <testcase time="0.002" classname="siena.base.test.H2Test" name="testCountFilterUUID"/>
  <testcase time="0.002" classname="siena.base.test.H2Test" name="testCountFilterLongAutoID"/>
  <testcase time="0.002" classname="siena.base.test.H2Test" name="testCountFilterLongManualID"/>
  <testcase time="0.002" classname="siena.base.test.H2Test" name="testCountFilterStringID"/>
  <testcase time="0.003" classname="siena.base.test.H2Test" name="testFetchLimit"/>
  <testcase time="0.002" classname="siena.base.test.H2Test" name="testFetchLimitUUID"/>
  <testcase time="0.002" classname="siena.base.test.H2Test" name="testFetchLimitLongAutoID"/>
  <testcase time="0.003" classname="siena.base.test.H2Test" name="testFetchLimitLongManualID"/>
  <testcase time="0.002" classname="siena.base.test.H2Test" name="testFetchLimitStringID"/>
  <testcase time="0.002" classname="siena.base.test.H2Test" name="testCountLimit"/>
  <testcase time="0.004" classname="siena.base.test.H2Test" name="testFetchLimitReal"/>
  <testcase time="0.003" classname="siena.base.test.H2Test" name="testFetchLimitOffsetReal"/>
  <testcase time="0.002" classname="siena.base.test.H2Test" name="testFetchLimitOffset"/>
  <testcase time="0.002" classname="siena.base.test.H2Test" name="testCountLimitOffset"/>
  <testcase time="0.003" classname="siena.base.test.H2Test" name="testInsertUUID"/>
  <testcase time="0.002" classname="siena.base.test.H2Test" name="testInsertLongAutoID"/>
  <testcase time="0.003" classname="siena.base.test.H2Test" name="testInsertLongManualID"/>
  <testcase time="0.003" classname="siena.base.test.H2Test" name="testInsertStringID"/>
  <testcase time="0.002" classname="siena.base.test.H2Test" name="testGetUUID"/>
  <testcase time="0.002" classname="siena.base.test.H2Test" name="testGetLongAutoID"/>
  <testcase time="0.002" classname="siena.base.test.H2Test" name="testGetLongManualID"/>
  <testcase time="0.002" classname="siena.base.test.H2Test" name="testGetStringID"/>
  <testcase time="0.003" classname="siena.base.test.H2Test" name="testUpdateUUID"/>
  <testcase time="0.002" classname="siena.base.test.H2Test" name="testUpdateLongAutoID"/>
  <testcase time="0.003" classname="siena.base.test.H2Test" name="testDeleteUUID"/>
  <testcase time="0.002" classname="siena.base.test.H2Test" name="testIterFullUUID"/>
  <testcase time="0.002" classname="siena.base.test.H2Test" name="testIterFullLongAutoID"/>
  <testcase time="0.002" classname="siena.base.test.H2Test" name="testIterFullLongManualID"/>
  <testcase time="0.002" classname="siena.base.test.H2Test" name="testIterFullLongStringID"/>
  <testcase time="0.003" classname="siena.base.test.H2Test" name="testIterLimitUUID"/>
  <testcase time="0.002" classname="siena.base.test.H2Test" name="testIterLimitLongAutoID"/>
  <testcase time="0.002" classname="siena.base.test.H2Test" name="testIterLimitLongManualID"/>
  <testcase time="0.002" classname="siena.base.test.H2Test" name="testIterLimitLongStringID"/>
  <testcase time="0.003" classname="siena.base.test.H2Test" name="testIterLimitOffsetUUID"/>
  <testcase time="0.002" classname="siena.base.test.H2Test" name="testIterLimitOffsetLongAutoID"/>
  <testcase time="0.002" classname="siena.base.test.H2Test" name="testIterLimitOffsetLongManualID"/>
  <testcase time="0.002" classname="siena.base.test.H2Test" name="testIterLimitOffsetLongStringID"/>
  <testcase time="0.003" classname="siena.base.test.H2Test" name="testIterFilter"/>
  <testcase time="0.002" classname="siena.base.test.H2Test" name="testIterFilterLimit"/>
  <testcase time="0.002" classname="siena.base.test.H2Test" name="testIterFilterLimitOffset"/>
  <testcase time="0.002" classname="siena.base.test.H2Test" name="testOrderLongAutoId"/>
  <testcase time="0.003" classname="siena.base.test.H2Test" name="testOrderLongManualId"/>
  <testcase time="0.002" classname="siena.base.test.H2Test" name="testOrderStringId"/>
  <testcase time="0.002" classname="siena.base.test.H2Test" name="testGetObjectNotFound"/>
  <testcase time="0.002" classname="siena.base.test.H2Test" name="testDeleteObjectNotFound"/>
  <testcase time="0.003" classname="siena.base.test.H2Test" name="testAutoincrement"/>
  <testcase time="0.002" classname="siena.base.test.H2Test" name="testRelationship"/>
  <testcase time="0.002" classname="siena.base.test.H2Test" name="testMultipleKeys"/>
  <testcase time="0.003" classname="siena.base.test.H2Test" name="testDataTypesNull"/>
  <testcase time="0.012" classname="siena.base.test.H2Test" name="testDataTypesNotNull"/>
  <testcase time="0.003" classname="siena.base.test.H2Test" name="testQueryDelete"/>
  <testcase time="0.003" classname="siena.base.test.H2Test" name="testQueryDeleteFiltered"/>
  <testcase time="0.005" classname="siena.base.test.H2Test" name="testJoin"/>
  <testcase time="0.003" classname="siena.base.test.H2Test" name="testJoinSortFields"/>
  <testcase time="0.004" classname="siena.base.test.H2Test" name="testJoinAnnotation"/>
  <testcase time="0.002" classname="siena.base.test.H2Test" name="testFetchPrivateFields"/>
  <testcase time="0.003" classname="siena.base.test.H2Test" name="testFetchPaginateStatelessNextPage"/>
  <testcase time="0.004" classname="siena.base.test.H2Test" name="testFetchPaginateStatelessNextPageToEnd"/>
  <testcase time="0.004" classname="siena.base.test.H2Test" name="testFetchPaginateStatelessPreviousPageFromScratch"/>
  <testcase time="0.003" classname="siena.base.test.H2Test" name="testFetchPaginateStatelessPreviousPage"/>
  <testcase time="0.005" classname="siena.base.test.H2Test" name="testFetchPaginateStatelessSeveralTimes"/>
  <testcase time="0.004" classname="siena.base.test.H2Test" name="testFetchPaginateStatefulNextPage"/>
  <testcase time="0.004" classname="siena.base.test.H2Test" name="testFetchPaginateStatefulNextPageToEnd"/>
  <testcase time="0.003" classname="siena.base.test.H2Test" name="testFetchPaginateStatefulPreviousPageFromScratch"/>
  <testcase time="0.004" classname="siena.base.test.H2Test" name="testFetchPaginateStatefulPreviousPage"/>
  <testcase time="0.005" classname="siena.base.test.H2Test" name="testFetchPaginateStatefulPreviouPageSeveralTimes"/>
  <testcase time="0.004" classname="siena.base.test.H2Test" name="testFetchKeysPaginateStatelessNextPage"/>
  <testcase time="0.003" classname="siena.base.test.H2Test" name="testFetchKeysPaginateStatelessPreviousPageFromScratch"/>
  <testcase time="0.003" classname="siena.base.test.H2Test" name="testFetchKeysPaginateStatelessPreviousPage"/>
  <testcase time="0.005" classname="siena.base.test.H2Test" name="testFetchKeysPaginateStatelessPreviouPageSeveralTimes"/>
  <testcase time="0.004" classname="siena.base.test.H2Test" name="testFetchKeysPaginateStatefulNextPage"/>
  <testcase time="0.003" classname="siena.base.test.H2Test" name="testFetchKeysPaginateStatefulPreviousPageFromScratch"/>
  <testcase time="0.003" classname="siena.base.test.H2Test" name="testFetchKeysPaginateStatefulPreviousPage"/>
  <testcase time="0.004" classname="siena.base.test.H2Test" name="testFetchKeysPaginateStatefulSeveralTimes"/>
  <testcase time="0.004" classname="siena.base.test.H2Test" name="testIterPaginateStatelessNextPage"/>
  <testcase time="0.003" classname="siena.base.test.H2Test" name="testIterPaginateStatelessPreviousPageFromScratch"/>
  <testcase time="0.004" classname="siena.base.test.H2Test" name="testIterPaginateStatelessPreviousPage"/>
  <testcase time="0.006" classname="siena.base.test.H2Test" name="testIterPaginateStatelessPreviouPageSeveralTimes"/>
  <testcase time="0.004" classname="siena.base.test.H2Test" name="testIterPaginateStatefulNextPage"/>
  <testcase time="0.003" classname="siena.base.test.H2Test" name="testIterPaginateStatefulPreviousPageFromScratch"/>
  <testcase time="0.004" classname="siena.base.test.H2Test" name="testIterPaginateStatefulPreviousPage"/>
  <testcase time="0.004" classname="siena.base.test.H2Test" name="testIterPaginateStatefulPreviouPageSeveralTimes"/>
  <testcase time="0.016" classname="siena.base.test.H2Test" name="testIterLotsOfEntitiesStateless"/>
  <testcase time="0.018" classname="siena.base.test.H2Test" name="testIterLotsOfEntitiesStateful"/>
  <testcase time="0.018" classname="siena.base.test.H2Test" name="testIterLotsOfEntitiesStatefulMixed"/>
  <testcase time="0.018" classname="siena.base.test.H2Test" name="testIterLotsOfEntitiesStatefulMixed2"/>
  <testcase time="0.023" classname="siena.base.test.H2Test" name="testIterLotsOfEntitiesStatefulMixed3"/>
  <testcase time="0.023" classname="siena.base.test.H2Test" name="testFetchLotsOfEntitiesStatefulMixed"/>
  <testcase time="0.023" classname="siena.base.test.H2Test" name="testFetchLotsOfEntitiesStatefulMixed2"/>
  <testcase time="0.039" classname="siena.base.test.H2Test" name="testFetchIterLotsOfEntitiesStatefulMixed"/>
  <testcase time="0.028" classname="siena.base.test.H2Test" name="testFetchIterLotsOfEntitiesStatefulMixed2"/>
  <testcase time="0.023" classname="siena.base.test.H2Test" name="testFetchIterLotsOfEntitiesStatefulMixed3"/>
  <testcase time="0.043" classname="siena.base.test.H2Test" name="testSearchSingle"/>
  <testcase time="0.086" classname="siena.base.test.H2Test" name="testSearchSingleTwice"/>
  <testcase time="0.089" classname="siena.base.test.H2Test" name="testSearchSingleKeysOnly"/>
  <testcase time="0.086" classname="siena.base.test.H2Test" name="testSearchSingleCount"/>
  <testcase time="0.06" classname="siena.base.test.H2Test" name="testBatchInsert"/>
  <testcase time="0.015" classname="siena.base.test.H2Test" name="testBatchInsertList"/>
  <testcase time="0.02" classname="siena.base.test.H2Test" name="testBatchDelete"/>
  <testcase time="0.018" classname="siena.base.test.H2Test" name="testBatchDeleteList"/>
  <testcase time="0.003" classname="siena.base.test.H2Test" name="testBatchDeleteByKeys"/>
  <testcase time="0.002" classname="siena.base.test.H2Test" name="testBatchDeleteByKeysList"/>
  <testcase time="0.021" classname="siena.base.test.H2Test" name="testBatchGet"/>
  <testcase time="0.022" classname="siena.base.test.H2Test" name="testBatchGetList"/>
  <testcase time="0.004" classname="siena.base.test.H2Test" name="testBatchGetByKeys"/>
  <testcase time="0.02" classname="siena.base.test.H2Test" name="testBatchGetByKeysList"/>
  <testcase time="0.021" classname="siena.base.test.H2Test" name="testLimitStateful"/>
  <testcase time="0.023" classname="siena.base.test.H2Test" name="testLimitStateless"/>
  <testcase time="0.019" classname="siena.base.test.H2Test" name="testOffsetStateless"/>
  <testcase time="0.02" classname="siena.base.test.H2Test" name="testOffsetStateful"/>
  <testcase time="0.017" classname="siena.base.test.H2Test" name="testOffsetLimitStateless"/>
  <testcase time="0.017" classname="siena.base.test.H2Test" name="testOffsetLimitStateful"/>
  <testcase time="0.027" classname="siena.base.test.H2Test" name="testOffsetLimitStatelessPaginate"/>
  <testcase time="0.035" classname="siena.base.test.H2Test" name="testOffsetLimitStatefulPaginate"/>
  <testcase time="0.023" classname="siena.base.test.H2Test" name="testOffsetLimitStatelessPaginate2"/>
  <testcase time="0.019" classname="siena.base.test.H2Test" name="testOffsetLimitStatefulPaginate2"/>
  <testcase time="0.004" classname="siena.base.test.H2Test" name="testFetchPaginateStatelessTwice"/>
  <testcase time="0.003" classname="siena.base.test.H2Test" name="testFetchPaginateStatefulTwice"/>
  <testcase time="0.009" classname="siena.base.test.H2Test" name="testLimitStatelessKeys"/>
  <testcase time="0.01" classname="siena.base.test.H2Test" name="testLimitStatefulKeys"/>
  <testcase time="0.01" classname="siena.base.test.H2Test" name="testOffsetStatelessKeys"/>
  <testcase time="0.01" classname="siena.base.test.H2Test" name="testOffsetStatefulKeys"/>
  <testcase time="0.008" classname="siena.base.test.H2Test" name="testOffsetLimitStatelessKeys"/>
  <testcase time="0.007" classname="siena.base.test.H2Test" name="testOffsetLimitStatefulKeys"/>
  <testcase time="0.009" classname="siena.base.test.H2Test" name="testOffsetLimitStatelessPaginateKeys"/>
  <testcase time="0.014" classname="siena.base.test.H2Test" name="testOffsetLimitStatefulPaginateKeys"/>
  <testcase time="0.014" classname="siena.base.test.H2Test" name="testOffsetLimitStatelessPaginate2Keys"/>
  <testcase time="0.013" classname="siena.base.test.H2Test" name="testOffsetLimitStatefulPaginate2Keys"/>
  <testcase time="0.004" classname="siena.base.test.H2Test" name="testFetchPaginateStatelessTwiceKeys"/>
  <testcase time="0.002" classname="siena.base.test.H2Test" name="testFetchPaginateStatefulTwiceKeys"/>
  <testcase time="0.011" classname="siena.base.test.H2Test" name="testLimitStatelessIter"/>
  <testcase time="0.01" classname="siena.base.test.H2Test" name="testLimitStatefulIter"/>
  <testcase time="0.009" classname="siena.base.test.H2Test" name="testOffsetStatelessIter"/>
  <testcase time="0.009" classname="siena.base.test.H2Test" name="testOffsetStatefulIter"/>
  <testcase time="0.007" classname="siena.base.test.H2Test" name="testOffsetLimitStatelessIter"/>
  <testcase time="0.007" classname="siena.base.test.H2Test" name="testOffsetLimitStatefulIter"/>
  <testcase time="0.018" classname="siena.base.test.H2Test" name="testOffsetLimitStatelessPaginateIter"/>
  <testcase time="0.018" classname="siena.base.test.H2Test" name="testOffsetLimitStatefulPaginateIter"/>
  <testcase time="0.016" classname="siena.base.test.H2Test" name="testOffsetLimitStatelessPaginate2Iter"/>
  <testcase time="0.014" classname="siena.base.test.H2Test" name="testOffsetLimitStatefulPaginate2Iter"/>
  <testcase time="0.004" classname="siena.base.test.H2Test" name="testFetchPaginateStatelessTwiceIter"/>
  <testcase time="0.002" classname="siena.base.test.H2Test" name="testFetchPaginateStatefulTwiceIter"/>
  <testcase time="0.002" classname="siena.base.test.H2Test" name="testFetchStringAutoInc"/>
  <testcase time="0.001" classname="siena.base.test.H2Test" name="testDumpQueryOption"/>
  <testcase time="0.001" classname="siena.base.test.H2Test" name="testRestoreQueryOption"/>
  <testcase time="0.032" classname="siena.base.test.H2Test" name="testIterPerPageStateless"/>
  <testcase time="0.034" classname="siena.base.test.H2Test" name="testIterPerPageStateless2"/>
  <testcase time="0.046" classname="siena.base.test.H2Test" name="testIterPerPageStateless3"/>
  <testcase time="0.026" classname="siena.base.test.H2Test" name="testIterPerPageStateful"/>
  <testcase time="0.021" classname="siena.base.test.H2Test" name="testIterPerPageStateful2"/>
  <testcase time="0.015" classname="siena.base.test.H2Test" name="testIterPerPageStatefull3"/>
  <testcase time="0.002" classname="siena.base.test.H2Test" name="testInsertObjectWithNullJoinObject"/>
  <testcase time="0.001" classname="siena.base.test.H2Test" name="testInsertObjectWithDoubleNullJoinObject"/>
  <testcase time="0.002" classname="siena.base.test.H2Test" name="testJoinAnnotationDouble"/>
  <testcase time="0.007" classname="siena.base.test.H2Test" name="testBatchUpdate"/>
  <testcase time="0.007" classname="siena.base.test.H2Test" name="testBatchUpdateList"/>
  <testcase time="0.002" classname="siena.base.test.H2Test" name="testGetByKeyUUID"/>
  <testcase time="0.001" classname="siena.base.test.H2Test" name="testGetByKeyLongAutoID"/>
  <testcase time="0.001" classname="siena.base.test.H2Test" name="testGetByKeyLongManualID"/>
  <testcase time="0.001" classname="siena.base.test.H2Test" name="testGetByKeyStringID"/>
  <testcase time="0.002" classname="siena.base.test.H2Test" name="testSaveLongAutoID"/>
  <testcase time="0.001" classname="siena.base.test.H2Test" name="testSaveUUID"/>
  <testcase time="0.002" classname="siena.base.test.H2Test" name="testSaveLongManualID"/>
  <testcase time="0.001" classname="siena.base.test.H2Test" name="testSaveStringID"/>
  <testcase time="0.006" classname="siena.base.test.H2Test" name="testBatchSave"/>
  <testcase time="0.007" classname="siena.base.test.H2Test" name="testBatchSaveList"/>
  <testcase time="0.002" classname="siena.base.test.H2Test" name="testPolymorphic"/>
  <testcase time="0.001" classname="siena.base.test.H2Test" name="testPolymorphic2"/>
  <testcase time="0.003" classname="siena.base.test.H2Test" name="testEmbeddedModel"/>
  <testcase time="0.002" classname="siena.base.test.H2Test" name="testNoColumn"/>
  <testcase time="0.001" classname="siena.base.test.H2Test" name="testNoColumnMultipleKeys"/>
  <testcase time="0.002" classname="siena.base.test.H2Test" name="testLifeCycleGet"/>
  <testcase time="0.001" classname="siena.base.test.H2Test" name="testLifeCycleGetMultiAndLifeCycleInjection"/>
  <testcase time="0.001" classname="siena.base.test.H2Test" name="testLifeCycleInsert"/>
  <testcase time="0.001" classname="siena.base.test.H2Test" name="testLifeCycleDelete"/>
  <testcase time="0.001" classname="siena.base.test.H2Test" name="testLifeCycleUpdate"/>
  <testcase time="0.002" classname="siena.base.test.H2Test" name="testLifeCycleSave"/>
  <testcase time="0.001" classname="siena.base.test.H2Test" name="testDumpRestoreQueryFilterSimple"/>
  <testcase time="0.001" classname="siena.base.test.H2Test" name="testDumpRestoreQueryFilterSearch"/>
  <testcase time="0.001" classname="siena.base.test.H2Test" name="testDumpRestoreQueryOrder"/>
  <testcase time="0.001" classname="siena.base.test.H2Test" name="testDumpRestoreQueryJoin"/>
  <testcase time="0.004" classname="siena.base.test.H2Test" name="testDumpRestoreQueryData"/>
  <testcase time="0.002" classname="siena.base.test.H2Test" name="testSerializeEmbeddedModel"/>
  <testcase time="0.002" classname="siena.base.test.H2Test" name="testBigDecimal"/>
  <testcase time="0.001" classname="siena.base.test.H2Test" name="testBigDecimalNoPrecision"/>
  <testcase time="0.002" classname="siena.base.test.H2Test" name="testBigDecimalString"/>
  <testcase time="0.002" classname="siena.base.test.H2Test" name="testBigDecimalDouble"/>
  <testcase time="0.001" classname="siena.base.test.H2Test" name="testTransactionUpdate"/>
  <testcase time="0.002" classname="siena.base.test.H2Test" name="testTransactionUpdateFailure"/>
  <testcase time="0.001" classname="siena.base.test.H2Test" name="testTransactionInsert"/>
  <testcase time="0.002" classname="siena.base.test.H2Test" name="testTransactionInsertFailure"/>
  <testcase time="0.001" classname="siena.base.test.H2Test" name="testTransactionSave"/>
  <testcase time="0.001" classname="siena.base.test.H2Test" name="testTransactionSaveFailure"/>
  <testcase time="0.002" classname="siena.base.test.H2Test" name="testTransactionDelete"/>
  <testcase time="0.001" classname="siena.base.test.H2Test" name="testTransactionDeleteFailure"/>
  <testcase time="0.002" classname="siena.base.test.H2Test" name="testTransactionInsertBatch"/>
  <testcase time="0.001" classname="siena.base.test.H2Test" name="testTransactionInsertBatchFailure"/>
  <testcase time="0.002" classname="siena.base.test.H2Test" name="testTransactionDeleteBatch"/>
  <testcase time="0.001" classname="siena.base.test.H2Test" name="testTransactionDeleteBatchFailure"/>
  <testcase time="0.001" classname="siena.base.test.H2Test" name="testTransactionUpdateBatch"/>
  <testcase time="0.001" classname="siena.base.test.H2Test" name="testTransactionUpdateBatchFailure"/>
  <testcase time="0.002" classname="siena.base.test.H2Test" name="testTransactionSaveBatch"/>
  <testcase time="0.001" classname="siena.base.test.H2Test" name="testTransactionSaveBatchFailure"/>
  <testcase time="0.002" classname="siena.base.test.H2Test" name="testBatchGetByKeysNonExisting"/>
  <testcase time="0.001" classname="siena.base.test.H2Test" name="testGetNonExisting"/>
  <testcase time="0.001" classname="siena.base.test.H2Test" name="testGetByKeyNonExisting"/>
</testsuite>