<?xml version="1.0" encoding="UTF-8" ?>
<testsuite failures="0" time="0.421" errors="0" skipped="0" tests="16" name="siena.base.test.GaeRelatedTest">
  <properties>
[...]
</properties>
  <testcase time="0.107" classname="siena.base.test.GaeRelatedTest" name="testRelatedSimpleReference"/>
  <testcase time="0.038" classname="siena.base.test.GaeRelatedTest" name="testRelatedSimpleOwned"/>
  <testcase time="0.003" classname="siena.base.test.GaeRelatedTest" name="testRelatedSimpleOwnedNull"/>
  <testcase time="0.003" classname="siena.base.test.GaeRelatedTest" name="testRelatedSimpleOwnedUpdate"/>
  <testcase time="0.005" classname="siena.base.test.GaeRelatedTest" name="testRelatedSimpleOwnedUpdate2null"/>
  <testcase time="0.071" classname="siena.base.test.GaeRelatedTest" name="testRelatedSeveralQuery"/>
  <testcase time="0.031" classname="siena.base.test.GaeRelatedTest" name="testRelatedSeveralQueryLotsPaginate"/>
  <testcase time="0.017" classname="siena.base.test.GaeRelatedTest" name="testRelatedSeveralQueryNoAs"/>
  <testcase time="0.018" classname="siena.base.test.GaeRelatedTest" name="testRelatedManyOldInsertWay"/>
  <testcase time="0.002" classname="siena.base.test.GaeRelatedTest" name="testRelatedManyCascadeInsert"/>
  <testcase time="0.003" classname="siena.base.test.GaeRelatedTest" name="testRelatedManyCascadeInsertFetch"/>
  <testcase time="0.019" classname="siena.base.test.GaeRelatedTest" name="testRelatedManyCascadeInsertMany"/>
  <testcase time="0.014" classname="siena.base.test.GaeRelatedTest" name="testRelatedManyCascadeUpdateMany"/>
  <testcase time="0.015" classname="siena.base.test.GaeRelatedTest" name="testRelatedManyCascadeUpdateManyRemove"/>
  <testcase time="0.025" classname="siena.base.test.GaeRelatedTest" name="testRelatedManyCascadeUpdateManyAddEnd"/>
  <testcase time="0.046" classname="siena.base.test.GaeRelatedTest" name="testRelatedManyCascadeUpdateManyAddMiddle"/>
</testsuite>